#
# A fatal error has been detected by the Java Runtime Environment:
#
#  EXCEPTION_IN_PAGE_ERROR (0xc0000006) at pc=0x0000000072bd8700, pid=8108, tid=0x0000000000000308
#
# JRE version: Java(TM) SE Runtime Environment (8.0_121-b13) (build 1.8.0_121-b13)
# Java VM: Java HotSpot(TM) 64-Bit Server VM (25.121-b13 mixed mode windows-amd64 compressed oops)
# Problematic frame:
# C  [awt.dll+0x8700]
#
# Failed to write core dump. Minidumps are not enabled by default on client versions of Windows
#
# If you would like to submit a bug report, please visit:
#   http://bugreport.java.com/bugreport/crash.jsp
# The crash happened outside the Java Virtual Machine in native code.
# See problematic frame for where to report the bug.
#

---------------  T H R E A D  ---------------

Current thread (0x000000000230d800):  JavaThread "main" [_thread_in_native, id=776, stack(0x0000000002310000,0x0000000002410000)]

siginfo: ExceptionCode=0xc0000006, ExceptionInformation=0x0000000000000008 0x0000000072bd8700 0x00000000c0000483 

Registers:
RAX=0x0000000000000001, RBX=0x000000000230d9f8, RCX=0x000000000230d9f8, RDX=0x000000001a0b3a01
RSP=0x000000000240d338, RBP=0x000000000240d3d8, RSI=0x0000000000000010, RDI=0x0000000000000003
R8 =0x000000007371fd50, R9 =0x0000000002307780, R10=0x0000000016df4b50, R11=0x000000007371fd50
R12=0x0000000000000000, R13=0x0000000016df49f0, R14=0x000000000240d3f0, R15=0x000000000230d800
RIP=0x0000000072bd8700, EFLAGS=0x0000000000010202

Top of Stack: (sp=0x000000000240d338)
0x000000000240d338:   0000000072c07bce 0000000072d12f90
0x000000000240d348:   000000000240d3d8 0000000000000003
0x000000000240d358:   0000000016df49f0 0000000016df49f0
0x000000000240d368:   000000000253100c 000000000230d800
0x000000000240d378:   0000000016df49f0 0000000000000010
0x000000000240d388:   000000000230d800 0000000002530a22
0x000000000240d398:   000000000240d398 0000000016df49f0
0x000000000240d3a8:   000000000240d3f0 0000000016df5550
0x000000000240d3b8:   0000000000000000 0000000016df49f0
0x000000000240d3c8:   0000000000000000 000000000240d3f8
0x000000000240d3d8:   000000000240d438 00000000025183fd
0x000000000240d3e8:   00000000d6d46110 00000000025271b8
0x000000000240d3f8:   000000000240d3f8 0000000016df546b
0x000000000240d408:   000000000240d440 0000000016df5550
0x000000000240d418:   0000000000000000 0000000016df5488
0x000000000240d428:   000000000240d3f8 000000000240d448 

Instructions: (pc=0x0000000072bd8700)
0x0000000072bd86e0:   24 c0 00 00 00 48 83 c4 70 41 5f 41 5e 41 5d 41
0x0000000072bd86f0:   5c 5f 5e 5d c3 cc cc cc cc cc cc cc cc cc cc cc
0x0000000072bd8700:   48 8d 15 29 74 13 00 41 b8 19 00 00 00 e9 1e f8
0x0000000072bd8710:   02 00 cc cc cc cc cc cc cc cc cc cc cc cc cc cc 


Register to memory mapping:

RAX=0x0000000000000001 is an unknown value
RBX=0x000000000230d9f8 is an unknown value
RCX=0x000000000230d9f8 is an unknown value
RDX=0x000000001a0b3a01 is an unknown value
RSP=0x000000000240d338 is pointing into the stack for thread: 0x000000000230d800
RBP=0x000000000240d3d8 is pointing into the stack for thread: 0x000000000230d800
RSI=0x0000000000000010 is an unknown value
RDI=0x0000000000000003 is an unknown value
R8 =0x000000007371fd50 is an unknown value
R9 =0x0000000002307780 is an unknown value
R10={method} {0x0000000016df4b58} 'register' '([Lsun/java2d/loops/GraphicsPrimitive;)V' in 'sun/java2d/loops/GraphicsPrimitiveMgr'
R11=0x000000007371fd50 is an unknown value
R12=0x0000000000000000 is an unknown value
R13={method} {0x0000000016df49f8} 'registerNativeLoops' '()V' in 'sun/java2d/loops/GraphicsPrimitiveMgr'
R14=0x000000000240d3f0 is pointing into the stack for thread: 0x000000000230d800
R15=0x000000000230d800 is a thread


Stack: [0x0000000002310000,0x0000000002410000],  sp=0x000000000240d338,  free space=1012k
Native frames: (J=compiled Java code, j=interpreted, Vv=VM code, C=native code)
C  [awt.dll+0x8700]

Java frames: (J=compiled Java code, j=interpreted, Vv=VM code)
j  sun.java2d.loops.GraphicsPrimitiveMgr.registerNativeLoops()V+0
j  sun.java2d.loops.GraphicsPrimitiveMgr.<clinit>()V+35
v  ~StubRoutines::call_stub
j  sun.java2d.loops.Blit.<clinit>()V+36
v  ~StubRoutines::call_stub
j  sun.java2d.windows.GDIWindowSurfaceData.<clinit>()V+66
v  ~StubRoutines::call_stub
j  sun.awt.Win32GraphicsConfig.createSurfaceData(Lsun/awt/windows/WComponentPeer;I)Lsun/java2d/SurfaceData;+1
j  sun.java2d.ScreenUpdateManager.createScreenSurface(Lsun/awt/Win32GraphicsConfig;Lsun/awt/windows/WComponentPeer;IZ)Lsun/java2d/SurfaceData;+3
j  sun.java2d.d3d.D3DScreenUpdateManager.createScreenSurface(Lsun/awt/Win32GraphicsConfig;Lsun/awt/windows/WComponentPeer;IZ)Lsun/java2d/SurfaceData;+20
j  sun.awt.windows.WComponentPeer.createScreenSurface(Z)V+21
j  sun.awt.windows.WComponentPeer.<init>(Ljava/awt/Component;)V+79
j  sun.awt.windows.WCanvasPeer.<init>(Ljava/awt/Component;)V+2
j  sun.awt.windows.WPanelPeer.<init>(Ljava/awt/Component;)V+2
j  sun.awt.windows.WWindowPeer.<init>(Ljava/awt/Window;)V+2
j  sun.awt.windows.WFramePeer.<init>(Ljava/awt/Frame;)V+2
j  sun.awt.windows.WToolkit.createFrame(Ljava/awt/Frame;)Ljava/awt/peer/FramePeer;+5
j  java.awt.Frame.addNotify()V+20
j  java.awt.Window.pack()V+28
j  asteroids.part2.internal.AsteroidsFrame2.<init>(Lasteroids/part2/facade/IFacade;IIZLasteroids/part2/internal/Sound;)V+64
j  asteroids.part2.internal.AsteroidsFrame2.run(Lasteroids/part2/facade/IFacade;ZZ)V+105
j  asteroids.part2.Part2.main([Ljava/lang/String;)V+95
v  ~StubRoutines::call_stub

---------------  P R O C E S S  ---------------

Java Threads: ( => current thread )
  0x0000000019276000 JavaThread "AWT-Windows" daemon [_thread_in_native, id=4836, stack(0x0000000019ad0000,0x0000000019bd0000)]
  0x0000000019273800 JavaThread "AWT-Shutdown" [_thread_blocked, id=8344, stack(0x00000000199d0000,0x0000000019ad0000)]
  0x00000000192d9800 JavaThread "Java2D Disposer" daemon [_thread_blocked, id=2404, stack(0x0000000019830000,0x0000000019930000)]
  0x0000000018f06000 JavaThread "Service Thread" daemon [_thread_blocked, id=9456, stack(0x00000000194e0000,0x00000000195e0000)]
  0x000000001709d000 JavaThread "C1 CompilerThread2" daemon [_thread_blocked, id=1028, stack(0x00000000193e0000,0x00000000194e0000)]
  0x000000001709c800 JavaThread "C2 CompilerThread1" daemon [_thread_blocked, id=10212, stack(0x00000000192e0000,0x00000000193e0000)]
  0x0000000017063000 JavaThread "C2 CompilerThread0" daemon [_thread_blocked, id=6024, stack(0x0000000018de0000,0x0000000018ee0000)]
  0x0000000017056800 JavaThread "JDWP Command Reader" daemon [_thread_in_native, id=1092, stack(0x0000000018ce0000,0x0000000018de0000)]
  0x0000000017053000 JavaThread "JDWP Event Helper Thread" daemon [_thread_blocked, id=7012, stack(0x0000000018be0000,0x0000000018ce0000)]
  0x0000000017047800 JavaThread "JDWP Transport Listener: dt_socket" daemon [_thread_blocked, id=6648, stack(0x0000000018ae0000,0x0000000018be0000)]
  0x000000001703b800 JavaThread "Attach Listener" daemon [_thread_blocked, id=960, stack(0x00000000185a0000,0x00000000186a0000)]
  0x000000001703a800 JavaThread "Signal Dispatcher" daemon [_thread_blocked, id=5868, stack(0x00000000184a0000,0x00000000185a0000)]
  0x000000000250b000 JavaThread "Finalizer" daemon [_thread_blocked, id=10020, stack(0x0000000018290000,0x0000000018390000)]
  0x0000000002500000 JavaThread "Reference Handler" daemon [_thread_blocked, id=8200, stack(0x0000000018190000,0x0000000018290000)]
=>0x000000000230d800 JavaThread "main" [_thread_in_native, id=776, stack(0x0000000002310000,0x0000000002410000)]

Other Threads:
  0x0000000017008000 VMThread [stack: 0x0000000018090000,0x0000000018190000] [id=3464]
  0x0000000018f25000 WatcherThread [stack: 0x0000000019730000,0x0000000019830000] [id=6020]

VM state:not at safepoint (normal execution)

VM Mutex/Monitor currently owned by a thread: None

Heap:
 PSYoungGen      total 38400K, used 15002K [0x00000000d5f00000, 0x00000000d8980000, 0x0000000100000000)
  eden space 33280K, 45% used [0x00000000d5f00000,0x00000000d6da6930,0x00000000d7f80000)
  from space 5120K, 0% used [0x00000000d8480000,0x00000000d8480000,0x00000000d8980000)
  to   space 5120K, 0% used [0x00000000d7f80000,0x00000000d7f80000,0x00000000d8480000)
 ParOldGen       total 87552K, used 0K [0x0000000081c00000, 0x0000000087180000, 0x00000000d5f00000)
  object space 87552K, 0% used [0x0000000081c00000,0x0000000081c00000,0x0000000087180000)
 Metaspace       used 8617K, capacity 8778K, committed 8832K, reserved 1056768K
  class space    used 1021K, capacity 1098K, committed 1152K, reserved 1048576K

Card table byte_map: [0x00000000118d0000,0x0000000011cd0000] byte_map_base: 0x00000000114c2000

Marking Bits: (ParMarkBitMap*) 0x000000007379b6d0
 Begin Bits: [0x0000000012380000, 0x0000000014310000)
 End Bits:   [0x0000000014310000, 0x00000000162a0000)

Polling page: 0x00000000021e0000

CodeCache: size=245760Kb used=2009Kb max_used=2009Kb free=243750Kb
 bounds [0x0000000002510000, 0x0000000002780000, 0x0000000011510000]
 total_blobs=815 nmethods=388 adapters=348
 compilation: enabled

Compilation events (10 events):
Event: 3.165 Thread 0x000000001709d000  382       3       java.io.RandomAccessFile::write (8 bytes)
Event: 3.165 Thread 0x000000001709d000 nmethod 382 0x00000000026ff4d0 code [0x00000000026ff640, 0x00000000026ff7e8]
Event: 3.166 Thread 0x000000001709d000  384       1       sun.awt.image.ByteInterleavedRaster::getDataOffset (7 bytes)
Event: 3.166 Thread 0x000000001709d000 nmethod 384 0x00000000026ff190 code [0x00000000026ff2e0, 0x00000000026ff410]
Event: 3.193 Thread 0x000000001709d000  386       1       java.util.HashMap::afterNodeInsertion (1 bytes)
Event: 3.193 Thread 0x000000001709d000 nmethod 386 0x0000000002702290 code [0x00000000027023e0, 0x00000000027024f0]
Event: 3.195 Thread 0x000000001709c800  387       4       java.util.HashMap::getNode (148 bytes)
Event: 3.198 Thread 0x000000001709d000  388       3       sun.invoke.util.Wrapper::forBasicType (16 bytes)
Event: 3.198 Thread 0x000000001709d000 nmethod 388 0x0000000002702550 code [0x00000000027026c0, 0x0000000002702938]
Event: 3.199 Thread 0x000000001709c800 nmethod 387 0x0000000002705990 code [0x0000000002705ae0, 0x0000000002705e38]

GC Heap History (0 events):
No events

Deoptimization events (0 events):
No events

Internal exceptions (10 events):
Event: 1.339 Thread 0x000000000230d800 Exception <a 'java/lang/NoSuchMethodError': Method sun.misc.Unsafe.prefetchRead(Ljava/lang/Object;J)V name or signature does not match> (0x00000000d5f07f90) thrown at [C:\re\workspace\8-2-build-windows-amd64-cygwin\jdk8u121\8372\hotspot\src\share\vm\prims
Event: 2.647 Thread 0x000000000230d800 Exception <a 'java/io/FileNotFoundException'> (0x00000000d5f5b588) thrown at [C:\re\workspace\8-2-build-windows-amd64-cygwin\jdk8u121\8372\hotspot\src\share\vm\prims\jni.cpp, line 709]
Event: 2.689 Thread 0x000000000230d800 Exception <a 'java/security/PrivilegedActionException'> (0x00000000d6101540) thrown at [C:\re\workspace\8-2-build-windows-amd64-cygwin\jdk8u121\8372\hotspot\src\share\vm\prims\jvm.cpp, line 1390]
Event: 2.689 Thread 0x000000000230d800 Exception <a 'java/security/PrivilegedActionException'> (0x00000000d6101750) thrown at [C:\re\workspace\8-2-build-windows-amd64-cygwin\jdk8u121\8372\hotspot\src\share\vm\prims\jvm.cpp, line 1390]
Event: 2.690 Thread 0x000000000230d800 Exception <a 'java/security/PrivilegedActionException'> (0x00000000d6104220) thrown at [C:\re\workspace\8-2-build-windows-amd64-cygwin\jdk8u121\8372\hotspot\src\share\vm\prims\jvm.cpp, line 1390]
Event: 2.690 Thread 0x000000000230d800 Exception <a 'java/security/PrivilegedActionException'> (0x00000000d6104430) thrown at [C:\re\workspace\8-2-build-windows-amd64-cygwin\jdk8u121\8372\hotspot\src\share\vm\prims\jvm.cpp, line 1390]
Event: 2.704 Thread 0x000000000230d800 Exception <a 'java/io/FileNotFoundException'> (0x00000000d61172e0) thrown at [C:\re\workspace\8-2-build-windows-amd64-cygwin\jdk8u121\8372\hotspot\src\share\vm\prims\jni.cpp, line 709]
Event: 2.761 Thread 0x000000000230d800 Exception <a 'java/lang/NoSuchFieldError': method resolution failed> (0x00000000d61e4600) thrown at [C:\re\workspace\8-2-build-windows-amd64-cygwin\jdk8u121\8372\hotspot\src\share\vm\prims\methodHandles.cpp, line 1146]
Event: 2.774 Thread 0x000000000230d800 Exception <a 'java/lang/NoSuchFieldError': method resolution failed> (0x00000000d61f19d0) thrown at [C:\re\workspace\8-2-build-windows-amd64-cygwin\jdk8u121\8372\hotspot\src\share\vm\prims\methodHandles.cpp, line 1146]
Event: 2.828 Thread 0x000000000230d800 Exception <a 'java/io/FileNotFoundException'> (0x00000000d627a920) thrown at [C:\re\workspace\8-2-build-windows-amd64-cygwin\jdk8u121\8372\hotspot\src\share\vm\prims\jni.cpp, line 709]

Events (10 events):
Event: 3.203 loading class java/awt/Stroke done
Event: 3.203 loading class java/awt/BasicStroke done
Event: 3.204 loading class sun/java2d/pipe/ValidatePipe
Event: 3.204 loading class sun/java2d/pipe/ValidatePipe done
Event: 3.204 loading class sun/java2d/loops/CustomComponent
Event: 3.204 loading class sun/java2d/loops/CustomComponent done
Event: 3.204 loading class sun/java2d/loops/GraphicsPrimitiveProxy
Event: 3.204 loading class sun/java2d/loops/GraphicsPrimitiveProxy done
Event: 3.205 loading class sun/java2d/loops/GeneralRenderer
Event: 3.205 loading class sun/java2d/loops/GeneralRenderer done


Dynamic libraries:
0x00007ff6e5c50000 - 0x00007ff6e5c87000 	D:\Programma\Java\jre.1.8.0_121\bin\javaw.exe
0x00007ffc36660000 - 0x00007ffc3683b000 	C:\WINDOWS\SYSTEM32\ntdll.dll
0x00007ffc33c60000 - 0x00007ffc33d0e000 	C:\WINDOWS\System32\KERNEL32.DLL
0x00007ffc32b80000 - 0x00007ffc32dc9000 	C:\WINDOWS\System32\KERNELBASE.dll
0x00007ffc33e60000 - 0x00007ffc33f01000 	C:\WINDOWS\System32\ADVAPI32.dll
0x00007ffc358f0000 - 0x00007ffc3598d000 	C:\WINDOWS\System32\msvcrt.dll
0x00007ffc33f10000 - 0x00007ffc33f69000 	C:\WINDOWS\System32\sechost.dll
0x00007ffc35b70000 - 0x00007ffc35c95000 	C:\WINDOWS\System32\RPCRT4.dll
0x00007ffc36510000 - 0x00007ffc3665a000 	C:\WINDOWS\System32\USER32.dll
0x00007ffc32fc0000 - 0x00007ffc32fde000 	C:\WINDOWS\System32\win32u.dll
0x00007ffc360a0000 - 0x00007ffc360c7000 	C:\WINDOWS\System32\GDI32.dll
0x00007ffc33960000 - 0x00007ffc33ae9000 	C:\WINDOWS\System32\gdi32full.dll
0x00007ffc32dd0000 - 0x00007ffc32e6a000 	C:\WINDOWS\System32\msvcp_win.dll
0x00007ffc32ec0000 - 0x00007ffc32fb6000 	C:\WINDOWS\System32\ucrtbase.dll
0x00007ffc29af0000 - 0x00007ffc29d57000 	C:\WINDOWS\WinSxS\amd64_microsoft.windows.common-controls_6595b64144ccf1df_6.0.15063.0_none_108e4f62dfe5d999\COMCTL32.dll
0x00007ffc355f0000 - 0x00007ffc358e9000 	C:\WINDOWS\System32\combase.dll
0x00007ffc33af0000 - 0x00007ffc33b5a000 	C:\WINDOWS\System32\bcryptPrimitives.dll
0x00007ffc36070000 - 0x00007ffc3609d000 	C:\WINDOWS\System32\IMM32.DLL
0x0000000072ea0000 - 0x0000000072f72000 	D:\Programma\Java\jre.1.8.0_121\bin\msvcr100.dll
0x0000000072f80000 - 0x000000007381b000 	D:\Programma\Java\jre.1.8.0_121\bin\server\jvm.dll
0x00007ffc33f70000 - 0x00007ffc33f78000 	C:\WINDOWS\System32\PSAPI.DLL
0x00007ffc2e740000 - 0x00007ffc2e749000 	C:\WINDOWS\SYSTEM32\WSOCK32.dll
0x00007ffc35990000 - 0x00007ffc359fc000 	C:\WINDOWS\System32\WS2_32.dll
0x00007ffc30eb0000 - 0x00007ffc30ed3000 	C:\WINDOWS\SYSTEM32\WINMM.dll
0x00007ffc29650000 - 0x00007ffc2965a000 	C:\WINDOWS\SYSTEM32\VERSION.dll
0x00007ffc30e50000 - 0x00007ffc30e7b000 	C:\WINDOWS\SYSTEM32\WINMMBASE.dll
0x00007ffc32e70000 - 0x00007ffc32eb9000 	C:\WINDOWS\System32\cfgmgr32.dll
0x0000000072e90000 - 0x0000000072e9f000 	D:\Programma\Java\jre.1.8.0_121\bin\verify.dll
0x0000000072e60000 - 0x0000000072e89000 	D:\Programma\Java\jre.1.8.0_121\bin\java.dll
0x0000000072d90000 - 0x0000000072dc5000 	D:\Programma\Java\jre.1.8.0_121\bin\jdwp.dll
0x0000000072d80000 - 0x0000000072d88000 	D:\Programma\Java\jre.1.8.0_121\bin\npt.dll
0x0000000072e40000 - 0x0000000072e56000 	D:\Programma\Java\jre.1.8.0_121\bin\zip.dll
0x00007ffc34130000 - 0x00007ffc35567000 	C:\WINDOWS\System32\SHELL32.dll
0x00007ffc35fc0000 - 0x00007ffc3606a000 	C:\WINDOWS\System32\shcore.dll
0x00007ffc32fe0000 - 0x00007ffc336d2000 	C:\WINDOWS\System32\windows.storage.dll
0x00007ffc33d10000 - 0x00007ffc33d61000 	C:\WINDOWS\System32\shlwapi.dll
0x00007ffc32b40000 - 0x00007ffc32b51000 	C:\WINDOWS\System32\kernel.appcore.dll
0x00007ffc32ad0000 - 0x00007ffc32b1c000 	C:\WINDOWS\System32\powrprof.dll
0x00007ffc32b20000 - 0x00007ffc32b35000 	C:\WINDOWS\System32\profapi.dll
0x0000000072d70000 - 0x0000000072d79000 	D:\Programma\Java\jre.1.8.0_121\bin\dt_socket.dll
0x00007ffc2e300000 - 0x00007ffc2e316000 	C:\WINDOWS\system32\napinsp.dll
0x00007ffc2d830000 - 0x00007ffc2d84a000 	C:\WINDOWS\system32\pnrpnsp.dll
0x00007ffc2d700000 - 0x00007ffc2d718000 	C:\WINDOWS\system32\NLAapi.dll
0x00007ffc32380000 - 0x00007ffc323dc000 	C:\WINDOWS\System32\mswsock.dll
0x00007ffc32160000 - 0x00007ffc32204000 	C:\WINDOWS\SYSTEM32\DNSAPI.dll
0x00007ffc34120000 - 0x00007ffc34128000 	C:\WINDOWS\System32\NSI.dll
0x00007ffc32120000 - 0x00007ffc32157000 	C:\WINDOWS\SYSTEM32\IPHLPAPI.DLL
0x00007ffc2e730000 - 0x00007ffc2e73e000 	C:\WINDOWS\System32\winrnr.dll
0x00007ffc1f000000 - 0x00007ffc1f015000 	C:\WINDOWS\System32\wshbth.dll
0x00007ffc2baa0000 - 0x00007ffc2bb0b000 	C:\WINDOWS\System32\fwpuclnt.dll
0x00007ffc329a0000 - 0x00007ffc329c5000 	C:\WINDOWS\SYSTEM32\bcrypt.dll
0x00007ffc24910000 - 0x00007ffc2491a000 	C:\Windows\System32\rasadhlp.dll
0x0000000072bd0000 - 0x0000000072d68000 	D:\Programma\Java\jre.1.8.0_121\bin\awt.dll
0x00007ffc35df0000 - 0x00007ffc35eaf000 	C:\WINDOWS\System32\OLEAUT32.dll
0x00007ffc310a0000 - 0x00007ffc3111e000 	C:\WINDOWS\SYSTEM32\apphelp.dll
0x00007ffc2e130000 - 0x00007ffc2e15a000 	C:\WINDOWS\system32\DWMAPI.DLL
0x00007ffc312d0000 - 0x00007ffc31365000 	C:\WINDOWS\system32\uxtheme.dll
0x00007ffc1af50000 - 0x00007ffc1b071000 	C:\WINDOWS\system32\opengl32.dll
0x00007ffc18b70000 - 0x00007ffc18b9c000 	C:\WINDOWS\SYSTEM32\GLU32.dll
0x00007ffc35a00000 - 0x00007ffc35b66000 	C:\WINDOWS\System32\MSCTF.dll
0x00007ffc35ca0000 - 0x00007ffc35de4000 	C:\WINDOWS\System32\ole32.dll
0x00007ffc32530000 - 0x00007ffc32547000 	C:\WINDOWS\SYSTEM32\CRYPTSP.dll
0x00007ffc31fa0000 - 0x00007ffc31fd4000 	C:\WINDOWS\system32\rsaenh.dll
0x00007ffc32a00000 - 0x00007ffc32a29000 	C:\WINDOWS\SYSTEM32\USERENV.dll
0x00007ffc32520000 - 0x00007ffc3252b000 	C:\WINDOWS\SYSTEM32\CRYPTBASE.dll
0x0000000072e20000 - 0x0000000072e3a000 	D:\Programma\Java\jre.1.8.0_121\bin\net.dll
0x00007ffc2c8c0000 - 0x00007ffc2c8d6000 	C:\WINDOWS\SYSTEM32\dhcpcsvc6.DLL
0x00007ffc2d050000 - 0x00007ffc2d06a000 	C:\WINDOWS\SYSTEM32\dhcpcsvc.DLL
0x0000000072e00000 - 0x0000000072e11000 	D:\Programma\Java\jre.1.8.0_121\bin\nio.dll
0x0000000072b90000 - 0x0000000072bc1000 	D:\Programma\Java\jre.1.8.0_121\bin\jpeg.dll
0x0000000072b50000 - 0x0000000072b8c000 	D:\Programma\Java\jre.1.8.0_121\bin\lcms.dll
0x00007ffc2da00000 - 0x00007ffc2dba9000 	C:\WINDOWS\SYSTEM32\dbghelp.dll

VM Arguments:
jvm_args: -agentlib:jdwp=transport=dt_socket,suspend=y,address=localhost:51008 -Dfile.encoding=Cp1252 
java_command: asteroids.part2.Part2
java_class_path (initial): C:\Users\senne\Documents\GitHub\OGP\OGP1617-Asteroids\bin;C:\Users\senne\.p2\pool\plugins\org.junit_4.12.0.v201504281640\junit.jar;C:\Users\senne\.p2\pool\plugins\org.hamcrest.core_1.3.0.v201303031735.jar;C:\Users\senne\Documents\GitHub\OGP\OGP1617-Asteroids\lib\AnnotationsDoclets.jar
Launcher Type: SUN_STANDARD

Environment Variables:
PATH=D:/Programma/Java/jre.1.8.0_121/bin/server;D:/Programma/Java/jre.1.8.0_121/bin;D:/Programma/Java/jre.1.8.0_121/lib/amd64;C:\ProgramData\Oracle\Java\javapath;C:\WINDOWS\system32;C:\WINDOWS;C:\WINDOWS\System32\Wbem;C:\WINDOWS\System32\WindowsPowerShell\v1.0\;D:\Programma\MATLAB\R2017a\runtime\win64;D:\Programma\MATLAB\R2017a\bin;C:\Users\senne\AppData\Local\Microsoft\WindowsApps;;C:\WINDOWS\system32;
USERNAME=senne
OS=Windows_NT
PROCESSOR_IDENTIFIER=Intel64 Family 6 Model 69 Stepping 1, GenuineIntel



---------------  S Y S T E M  ---------------

OS: Windows 10.0 , 64 bit Build 15063 (10.0.15063.0)

CPU:total 4 (2 cores per cpu, 2 threads per core) family 6 model 69 stepping 1, cmov, cx8, fxsr, mmx, sse, sse2, sse3, ssse3, sse4.1, sse4.2, popcnt, avx, avx2, aes, clmul, erms, lzcnt, ht, tsc, tscinvbit, bmi1, bmi2

Memory: 4k page, physical 8266008k(4210692k free), swap 10232088k(5886992k free)

vm_info: Java HotSpot(TM) 64-Bit Server VM (25.121-b13) for windows-amd64 JRE (1.8.0_121-b13), built on Dec 12 2016 18:21:36 by "java_re" with MS VC++ 10.0 (VS2010)

time: Fri Apr 14 10:34:48 2017
elapsed time: 3 seconds (0d 0h 0m 3s)

