#
# A fatal error has been detected by the Java Runtime Environment:
#
#  EXCEPTION_IN_PAGE_ERROR (0xc0000006) at pc=0x0000000072b29978, pid=2224, tid=0x000000000000069c
#
# JRE version: Java(TM) SE Runtime Environment (8.0_121-b13) (build 1.8.0_121-b13)
# Java VM: Java HotSpot(TM) 64-Bit Server VM (25.121-b13 mixed mode windows-amd64 compressed oops)
# Problematic frame:
# C  [t2k.dll+0x19978]
#
# Failed to write core dump. Minidumps are not enabled by default on client versions of Windows
#
# If you would like to submit a bug report, please visit:
#   http://bugreport.java.com/bugreport/crash.jsp
# The crash happened outside the Java Virtual Machine in native code.
# See problematic frame for where to report the bug.
#

---------------  T H R E A D  ---------------

Current thread (0x000000001a0f9800):  JavaThread "AWT-EventQueue-0" [_thread_in_native, id=1692, stack(0x000000001a8a0000,0x000000001a9a0000)]

siginfo: ExceptionCode=0xc0000006, ExceptionInformation=0x0000000000000008 0x0000000072b29978 0x00000000c0000483 

Registers:
RAX=0x0000000072b29978, RBX=0x000000001a9ef330, RCX=0x000000001a0f99f8, RDX=0x000000001a99ad00
RSP=0x000000001a99ac78, RBP=0x000000001a99acf0, RSI=0x0000000020000030, RDI=0x0000000002a680e0
R8 =0x000000001a99ad10, R9 =0x000000001922a0d0, R10=0x0000000002a77f48, R11=0x00000000731ab820
R12=0x0000000000000000, R13=0x000000001a9ef330, R14=0x000000001a99ad10, R15=0x000000001a0f9800
RIP=0x0000000072b29978, EFLAGS=0x0000000000010283

Top of Stack: (sp=0x000000001a99ac78)
0x000000001a99ac78:   0000000002a77f74 000000001a0f9800
0x000000001a99ac88:   000000001a9ef330 0000000020000030
0x000000001a99ac98:   000000001a0f9800 000000001a99ad60
0x000000001a99aca8:   0000000002a77ca2 000000001a99acb0
0x000000001a99acb8:   000000001a9ef330 000000001a99ad10
0x000000001a99acc8:   000000001a9f0bf0 0000000000000000
0x000000001a99acd8:   000000001a9ef330 0000000000000000
0x000000001a99ace8:   000000001a99ad10 000000001a99ad58
0x000000001a99acf8:   0000000002a6835d 00000000d7939018
0x000000001a99ad08:   0000000002a719d8 00000000d7939018
0x000000001a99ad18:   000000001a99ad18 000000001a9f0b5d
0x000000001a99ad28:   000000001a99ad60 000000001a9f0bf0
0x000000001a99ad38:   0000000000000000 000000001a9f0b68
0x000000001a99ad48:   000000001a99ad10 000000001a99ad68
0x000000001a99ad58:   000000001a99ae40 0000000002a608da
0x000000001a99ad68:   0000000000000000 0000000000000000 

Instructions: (pc=0x0000000072b29978)
0x0000000072b29958:   c9 74 06 ff 15 07 88 01 00 48 8b cb 48 8b 5c 24
0x0000000072b29968:   30 48 83 c4 20 5f 48 ff 25 f3 87 01 00 cc cc cc
0x0000000072b29978:   40 53 48 81 ec 40 01 00 00 48 8b 01 49 8b d0 4c
0x0000000072b29988:   8d 0d 8e 89 01 00 4c 8d 05 73 89 01 00 48 8b d9 


Register to memory mapping:

RAX=0x0000000072b29978 is an unknown value
RBX={method} {0x000000001a9ef338} 'initIDs' '(Ljava/lang/Class;)V' in 'sun/font/T2KFontScaler'
RCX=0x000000001a0f99f8 is an unknown value
RDX=0x000000001a99ad00 is pointing into the stack for thread: 0x000000001a0f9800
RSP=0x000000001a99ac78 is pointing into the stack for thread: 0x000000001a0f9800
RBP=0x000000001a99acf0 is pointing into the stack for thread: 0x000000001a0f9800
RSI=0x0000000020000030 is an unknown value
RDI=0x0000000002a680e0 is at code_begin+1664 in an Interpreter codelet
invoke return entry points  [0x0000000002a67a60, 0x0000000002a68440]  2528 bytes
R8 =0x000000001a99ad10 is pointing into the stack for thread: 0x000000001a0f9800
R9 =0x000000001922a0d0 is an unknown value
R10=0x0000000002a77f48 is at code_begin+840 in an Interpreter codelet
method entry point (kind = native)  [0x0000000002a77c00, 0x0000000002a78560]  2400 bytes
R11=0x00000000731ab820 is an unknown value
R12=0x0000000000000000 is an unknown value
R13={method} {0x000000001a9ef338} 'initIDs' '(Ljava/lang/Class;)V' in 'sun/font/T2KFontScaler'
R14=0x000000001a99ad10 is pointing into the stack for thread: 0x000000001a0f9800
R15=0x000000001a0f9800 is a thread


Stack: [0x000000001a8a0000,0x000000001a9a0000],  sp=0x000000001a99ac78,  free space=1003k
Native frames: (J=compiled Java code, j=interpreted, Vv=VM code, C=native code)
C  [t2k.dll+0x19978]
C  0x0000000002a77f74

Java frames: (J=compiled Java code, j=interpreted, Vv=VM code)
j  sun.font.T2KFontScaler.initIDs(Ljava/lang/Class;)V+0
j  sun.font.T2KFontScaler.<clinit>()V+13
v  ~StubRoutines::call_stub
j  java.lang.Class.forName0(Ljava/lang/String;ZLjava/lang/ClassLoader;Ljava/lang/Class;)Ljava/lang/Class;+0
j  java.lang.Class.forName(Ljava/lang/String;)Ljava/lang/Class;+11
j  sun.font.FontScaler.<clinit>()V+55
v  ~StubRoutines::call_stub
j  sun.font.TrueTypeFont.getScaler()Lsun/font/FontScaler;+21
j  sun.font.FileFontStrike.<init>(Lsun/font/FileFont;Lsun/font/FontStrikeDesc;)V+204
j  sun.font.FileFont.createStrike(Lsun/font/FontStrikeDesc;)Lsun/font/FontStrike;+18
j  sun.font.Font2D.getStrike(Lsun/font/FontStrikeDesc;Z)Lsun/font/FontStrike;+92
j  sun.font.Font2D.getStrike(Lsun/font/FontStrikeDesc;)Lsun/font/FontStrike;+3
j  sun.font.CompositeStrike.getStrikeForSlot(I)Lsun/font/PhysicalStrike;+23
j  sun.font.CompositeStrike.getFontMetrics()Lsun/font/StrikeMetrics;+31
j  sun.font.FontDesignMetrics.initMatrixAndMetrics()V+28
j  sun.font.FontDesignMetrics.<init>(Ljava/awt/Font;Ljava/awt/font/FontRenderContext;)V+62
j  sun.font.FontDesignMetrics.getMetrics(Ljava/awt/Font;Ljava/awt/font/FontRenderContext;)Lsun/font/FontDesignMetrics;+128
j  sun.java2d.SunGraphics2D.getFontMetrics()Ljava/awt/FontMetrics;+21
j  asteroids.part2.internal.AsteroidsMenu2.paintComponent(Ljava/awt/Graphics;)V+60
j  javax.swing.JComponent.paint(Ljava/awt/Graphics;)V+286
j  javax.swing.JComponent.paintChildren(Ljava/awt/Graphics;)V+501
j  javax.swing.JComponent.paint(Ljava/awt/Graphics;)V+318
j  javax.swing.JComponent.paintChildren(Ljava/awt/Graphics;)V+501
j  javax.swing.JComponent.paint(Ljava/awt/Graphics;)V+318
j  javax.swing.JLayeredPane.paint(Ljava/awt/Graphics;)V+73
j  javax.swing.JComponent.paintChildren(Ljava/awt/Graphics;)V+501
j  javax.swing.JComponent.paintToOffscreen(Ljava/awt/Graphics;IIIIII)V+72
j  javax.swing.RepaintManager$PaintManager.paintDoubleBuffered(Ljavax/swing/JComponent;Ljava/awt/Image;Ljava/awt/Graphics;IIII)V+163
j  javax.swing.RepaintManager$PaintManager.paint(Ljavax/swing/JComponent;Ljavax/swing/JComponent;Ljava/awt/Graphics;IIII)Z+116
j  javax.swing.RepaintManager.paint(Ljavax/swing/JComponent;Ljavax/swing/JComponent;Ljava/awt/Graphics;IIII)V+51
j  javax.swing.JComponent.paint(Ljava/awt/Graphics;)V+221
j  java.awt.GraphicsCallback$PaintCallback.run(Ljava/awt/Component;Ljava/awt/Graphics;)V+2
j  sun.awt.SunGraphicsCallback.runOneComponent(Ljava/awt/Component;Ljava/awt/Rectangle;Ljava/awt/Graphics;Ljava/awt/Shape;I)V+155
j  sun.awt.SunGraphicsCallback.runComponents([Ljava/awt/Component;Ljava/awt/Graphics;I)V+194
j  java.awt.Container.paint(Ljava/awt/Graphics;)V+58
j  java.awt.Window.paint(Ljava/awt/Graphics;)V+68
j  javax.swing.RepaintManager$4.run()Ljava/lang/Void;+142
j  javax.swing.RepaintManager$4.run()Ljava/lang/Object;+1
v  ~StubRoutines::call_stub
j  java.security.AccessController.doPrivileged(Ljava/security/PrivilegedAction;Ljava/security/AccessControlContext;)Ljava/lang/Object;+0
j  java.security.ProtectionDomain$JavaSecurityAccessImpl.doIntersectionPrivilege(Ljava/security/PrivilegedAction;Ljava/security/AccessControlContext;Ljava/security/AccessControlContext;)Ljava/lang/Object;+18
j  javax.swing.RepaintManager.paintDirtyRegions(Ljava/util/Map;)V+154
j  javax.swing.RepaintManager.paintDirtyRegions()V+46
j  javax.swing.RepaintManager.prePaintDirtyRegions()V+73
j  javax.swing.RepaintManager.access$1200(Ljavax/swing/RepaintManager;)V+1
j  javax.swing.RepaintManager$ProcessingRunnable.run()V+37
j  java.awt.event.InvocationEvent.dispatch()V+47
j  java.awt.EventQueue.dispatchEventImpl(Ljava/awt/AWTEvent;Ljava/lang/Object;)V+21
j  java.awt.EventQueue.access$500(Ljava/awt/EventQueue;Ljava/awt/AWTEvent;Ljava/lang/Object;)V+3
j  java.awt.EventQueue$3.run()Ljava/lang/Void;+32
j  java.awt.EventQueue$3.run()Ljava/lang/Object;+1
v  ~StubRoutines::call_stub
j  java.security.AccessController.doPrivileged(Ljava/security/PrivilegedAction;Ljava/security/AccessControlContext;)Ljava/lang/Object;+0
j  java.security.ProtectionDomain$JavaSecurityAccessImpl.doIntersectionPrivilege(Ljava/security/PrivilegedAction;Ljava/security/AccessControlContext;Ljava/security/AccessControlContext;)Ljava/lang/Object;+18
j  java.awt.EventQueue.dispatchEvent(Ljava/awt/AWTEvent;)V+46
j  java.awt.EventDispatchThread.pumpOneEventForFilters(I)V+245
j  java.awt.EventDispatchThread.pumpEventsForFilter(ILjava/awt/Conditional;Ljava/awt/EventFilter;)V+35
j  java.awt.EventDispatchThread.pumpEventsForHierarchy(ILjava/awt/Conditional;Ljava/awt/Component;)V+11
j  java.awt.EventDispatchThread.pumpEvents(ILjava/awt/Conditional;)V+4
j  java.awt.EventDispatchThread.pumpEvents(Ljava/awt/Conditional;)V+3
j  java.awt.EventDispatchThread.run()V+9
v  ~StubRoutines::call_stub

---------------  P R O C E S S  ---------------

Java Threads: ( => current thread )
  0x0000000002960800 JavaThread "DestroyJavaVM" [_thread_blocked, id=5352, stack(0x0000000002860000,0x0000000002960000)]
=>0x000000001a0f9800 JavaThread "AWT-EventQueue-0" [_thread_in_native, id=1692, stack(0x000000001a8a0000,0x000000001a9a0000)]
  0x000000001928c000 JavaThread "AWT-Windows" daemon [_thread_in_native, id=1208, stack(0x0000000019850000,0x0000000019950000)]
  0x0000000019287800 JavaThread "AWT-Shutdown" [_thread_blocked, id=6184, stack(0x0000000019750000,0x0000000019850000)]
  0x0000000019285800 JavaThread "Java2D Disposer" daemon [_thread_blocked, id=2136, stack(0x0000000019650000,0x0000000019750000)]
  0x0000000018f05000 JavaThread "Service Thread" daemon [_thread_blocked, id=984, stack(0x0000000019300000,0x0000000019400000)]
  0x00000000175ed800 JavaThread "C1 CompilerThread2" daemon [_thread_blocked, id=8872, stack(0x0000000018e00000,0x0000000018f00000)]
  0x00000000175eb000 JavaThread "C2 CompilerThread1" daemon [_thread_blocked, id=8136, stack(0x0000000018d00000,0x0000000018e00000)]
  0x000000001758b800 JavaThread "C2 CompilerThread0" daemon [_thread_blocked, id=8948, stack(0x0000000018c00000,0x0000000018d00000)]
  0x000000001758a800 JavaThread "Attach Listener" daemon [_thread_blocked, id=8580, stack(0x0000000018b00000,0x0000000018c00000)]
  0x0000000017589000 JavaThread "Signal Dispatcher" daemon [_thread_blocked, id=5100, stack(0x0000000018a00000,0x0000000018b00000)]
  0x000000001757a800 JavaThread "Finalizer" daemon [_thread_blocked, id=8308, stack(0x00000000187f0000,0x00000000188f0000)]
  0x0000000002a4f000 JavaThread "Reference Handler" daemon [_thread_blocked, id=6828, stack(0x00000000186f0000,0x00000000187f0000)]

Other Threads:
  0x0000000017557800 VMThread [stack: 0x00000000185f0000,0x00000000186f0000] [id=8396]
  0x0000000018f08800 WatcherThread [stack: 0x0000000019550000,0x0000000019650000] [id=9988]

VM state:not at safepoint (normal execution)

VM Mutex/Monitor currently owned by a thread: None

Heap:
 PSYoungGen      total 38400K, used 31909K [0x00000000d5f00000, 0x00000000d8980000, 0x0000000100000000)
  eden space 33280K, 82% used [0x00000000d5f00000,0x00000000d79cd8d8,0x00000000d7f80000)
  from space 5120K, 87% used [0x00000000d7f80000,0x00000000d83dbd68,0x00000000d8480000)
  to   space 5120K, 0% used [0x00000000d8480000,0x00000000d8480000,0x00000000d8980000)
 ParOldGen       total 87552K, used 22184K [0x0000000081c00000, 0x0000000087180000, 0x00000000d5f00000)
  object space 87552K, 25% used [0x0000000081c00000,0x00000000831aa060,0x0000000087180000)
 Metaspace       used 9542K, capacity 9750K, committed 9984K, reserved 1058816K
  class space    used 1159K, capacity 1226K, committed 1280K, reserved 1048576K

Card table byte_map: [0x0000000011e20000,0x0000000012220000] byte_map_base: 0x0000000011a12000

Marking Bits: (ParMarkBitMap*) 0x000000007379b6d0
 Begin Bits: [0x00000000128d0000, 0x0000000014860000)
 End Bits:   [0x0000000014860000, 0x00000000167f0000)

Polling page: 0x0000000000b10000

CodeCache: size=245760Kb used=2210Kb max_used=2215Kb free=243549Kb
 bounds [0x0000000002a60000, 0x0000000002cd0000, 0x0000000011a60000]
 total_blobs=922 nmethods=453 adapters=382
 compilation: enabled

Compilation events (10 events):
Event: 2.343 Thread 0x00000000175ed800  449 % !   3       sun.awt.image.ImageRepresentation::getOpaqueRGBImage @ 54 (164 bytes)
Event: 2.344 Thread 0x00000000175ed800 nmethod 449% 0x0000000002c7ed10 code [0x0000000002c7ef40, 0x0000000002c7fd58]
Event: 2.344 Thread 0x00000000175ed800  450   !   3       sun.awt.image.ImageRepresentation::getOpaqueRGBImage (164 bytes)
Event: 2.345 Thread 0x00000000175ed800 nmethod 450 0x0000000002c88710 code [0x0000000002c88940, 0x0000000002c89658]
Event: 2.345 Thread 0x00000000175eb000  451 % !   4       sun.awt.image.ImageRepresentation::getOpaqueRGBImage @ 54 (164 bytes)
Event: 2.349 Thread 0x00000000175eb000 nmethod 451% 0x0000000002c73290 code [0x0000000002c733e0, 0x0000000002c73738]
Event: 2.352 Thread 0x00000000175ed800  452       3       java.nio.HeapByteBuffer::_get (7 bytes)
Event: 2.352 Thread 0x00000000175ed800 nmethod 452 0x0000000002c70190 code [0x0000000002c702e0, 0x0000000002c70470]
Event: 2.353 Thread 0x00000000175ed800  453       3       java.nio.Buffer::nextGetIndex (31 bytes)
Event: 2.353 Thread 0x00000000175ed800 nmethod 453 0x0000000002c71bd0 code [0x0000000002c71d40, 0x0000000002c71f48]

GC Heap History (2 events):
Event: 2.273 GC heap before
{Heap before GC invocations=1 (full 0):
 PSYoungGen      total 38400K, used 33280K [0x00000000d5f00000, 0x00000000d8980000, 0x0000000100000000)
  eden space 33280K, 100% used [0x00000000d5f00000,0x00000000d7f80000,0x00000000d7f80000)
  from space 5120K, 0% used [0x00000000d8480000,0x00000000d8480000,0x00000000d8980000)
  to   space 5120K, 0% used [0x00000000d7f80000,0x00000000d7f80000,0x00000000d8480000)
 ParOldGen       total 87552K, used 0K [0x0000000081c00000, 0x0000000087180000, 0x00000000d5f00000)
  object space 87552K, 0% used [0x0000000081c00000,0x0000000081c00000,0x0000000087180000)
 Metaspace       used 9367K, capacity 9558K, committed 9728K, reserved 1058816K
  class space    used 1137K, capacity 1226K, committed 1280K, reserved 1048576K
Event: 2.280 GC heap after
Heap after GC invocations=1 (full 0):
 PSYoungGen      total 38400K, used 4463K [0x00000000d5f00000, 0x00000000d8980000, 0x0000000100000000)
  eden space 33280K, 0% used [0x00000000d5f00000,0x00000000d5f00000,0x00000000d7f80000)
  from space 5120K, 87% used [0x00000000d7f80000,0x00000000d83dbd68,0x00000000d8480000)
  to   space 5120K, 0% used [0x00000000d8480000,0x00000000d8480000,0x00000000d8980000)
 ParOldGen       total 87552K, used 22184K [0x0000000081c00000, 0x0000000087180000, 0x00000000d5f00000)
  object space 87552K, 25% used [0x0000000081c00000,0x00000000831aa060,0x0000000087180000)
 Metaspace       used 9367K, capacity 9558K, committed 9728K, reserved 1058816K
  class space    used 1137K, capacity 1226K, committed 1280K, reserved 1048576K
}

Deoptimization events (0 events):
No events

Internal exceptions (10 events):
Event: 0.109 Thread 0x0000000002960800 Exception <a 'java/lang/NoSuchMethodError': Method sun.misc.Unsafe.prefetchRead(Ljava/lang/Object;J)V name or signature does not match> (0x00000000d5f07f90) thrown at [C:\re\workspace\8-2-build-windows-amd64-cygwin\jdk8u121\8372\hotspot\src\share\vm\prims
Event: 0.188 Thread 0x0000000002960800 Exception <a 'java/io/FileNotFoundException'> (0x00000000d5f59fa8) thrown at [C:\re\workspace\8-2-build-windows-amd64-cygwin\jdk8u121\8372\hotspot\src\share\vm\prims\jni.cpp, line 709]
Event: 0.236 Thread 0x0000000002960800 Exception <a 'java/security/PrivilegedActionException'> (0x00000000d605aec8) thrown at [C:\re\workspace\8-2-build-windows-amd64-cygwin\jdk8u121\8372\hotspot\src\share\vm\prims\jvm.cpp, line 1390]
Event: 0.236 Thread 0x0000000002960800 Exception <a 'java/security/PrivilegedActionException'> (0x00000000d605b0d8) thrown at [C:\re\workspace\8-2-build-windows-amd64-cygwin\jdk8u121\8372\hotspot\src\share\vm\prims\jvm.cpp, line 1390]
Event: 0.237 Thread 0x0000000002960800 Exception <a 'java/security/PrivilegedActionException'> (0x00000000d605dba8) thrown at [C:\re\workspace\8-2-build-windows-amd64-cygwin\jdk8u121\8372\hotspot\src\share\vm\prims\jvm.cpp, line 1390]
Event: 0.237 Thread 0x0000000002960800 Exception <a 'java/security/PrivilegedActionException'> (0x00000000d605ddb8) thrown at [C:\re\workspace\8-2-build-windows-amd64-cygwin\jdk8u121\8372\hotspot\src\share\vm\prims\jvm.cpp, line 1390]
Event: 0.255 Thread 0x0000000002960800 Exception <a 'java/io/FileNotFoundException'> (0x00000000d6070c68) thrown at [C:\re\workspace\8-2-build-windows-amd64-cygwin\jdk8u121\8372\hotspot\src\share\vm\prims\jni.cpp, line 709]
Event: 0.333 Thread 0x0000000002960800 Exception <a 'java/lang/NoSuchFieldError': method resolution failed> (0x00000000d613e138) thrown at [C:\re\workspace\8-2-build-windows-amd64-cygwin\jdk8u121\8372\hotspot\src\share\vm\prims\methodHandles.cpp, line 1146]
Event: 0.339 Thread 0x0000000002960800 Exception <a 'java/lang/NoSuchFieldError': method resolution failed> (0x00000000d614b508) thrown at [C:\re\workspace\8-2-build-windows-amd64-cygwin\jdk8u121\8372\hotspot\src\share\vm\prims\methodHandles.cpp, line 1146]
Event: 0.411 Thread 0x0000000002960800 Exception <a 'java/io/FileNotFoundException'> (0x00000000d61d4430) thrown at [C:\re\workspace\8-2-build-windows-amd64-cygwin\jdk8u121\8372\hotspot\src\share\vm\prims\jni.cpp, line 709]

Events (10 events):
Event: 2.353 loading class sun/nio/cs/UnicodeDecoder done
Event: 2.353 loading class sun/nio/cs/UTF_16$Decoder done
Event: 2.353 loading class sun/font/FileFontStrike
Event: 2.353 loading class sun/font/FileFontStrike done
Event: 2.353 loading class sun/font/FontScaler
Event: 2.353 loading class sun/font/FontScaler done
Event: 2.353 loading class sun/font/T2KFontScaler
Event: 2.353 loading class sun/font/T2KFontScaler done
Event: 2.354 loading class sun/font/T2KFontScaler$1
Event: 2.354 loading class sun/font/T2KFontScaler$1 done


Dynamic libraries:
0x00007ff6e5c50000 - 0x00007ff6e5c87000 	D:\Programma\Java\jre.1.8.0_121\bin\javaw.exe
0x00007ffc36660000 - 0x00007ffc3683b000 	C:\WINDOWS\SYSTEM32\ntdll.dll
0x00007ffc33c60000 - 0x00007ffc33d0e000 	C:\WINDOWS\System32\KERNEL32.DLL
0x00007ffc32b80000 - 0x00007ffc32dc9000 	C:\WINDOWS\System32\KERNELBASE.dll
0x00007ffc33e60000 - 0x00007ffc33f01000 	C:\WINDOWS\System32\ADVAPI32.dll
0x00007ffc358f0000 - 0x00007ffc3598d000 	C:\WINDOWS\System32\msvcrt.dll
0x00007ffc33f10000 - 0x00007ffc33f69000 	C:\WINDOWS\System32\sechost.dll
0x00007ffc35b70000 - 0x00007ffc35c95000 	C:\WINDOWS\System32\RPCRT4.dll
0x00007ffc36510000 - 0x00007ffc3665a000 	C:\WINDOWS\System32\USER32.dll
0x00007ffc32fc0000 - 0x00007ffc32fde000 	C:\WINDOWS\System32\win32u.dll
0x00007ffc360a0000 - 0x00007ffc360c7000 	C:\WINDOWS\System32\GDI32.dll
0x00007ffc33960000 - 0x00007ffc33ae9000 	C:\WINDOWS\System32\gdi32full.dll
0x00007ffc32dd0000 - 0x00007ffc32e6a000 	C:\WINDOWS\System32\msvcp_win.dll
0x00007ffc32ec0000 - 0x00007ffc32fb6000 	C:\WINDOWS\System32\ucrtbase.dll
0x00007ffc29af0000 - 0x00007ffc29d57000 	C:\WINDOWS\WinSxS\amd64_microsoft.windows.common-controls_6595b64144ccf1df_6.0.15063.0_none_108e4f62dfe5d999\COMCTL32.dll
0x00007ffc355f0000 - 0x00007ffc358e9000 	C:\WINDOWS\System32\combase.dll
0x00007ffc33af0000 - 0x00007ffc33b5a000 	C:\WINDOWS\System32\bcryptPrimitives.dll
0x00007ffc36070000 - 0x00007ffc3609d000 	C:\WINDOWS\System32\IMM32.DLL
0x0000000072ea0000 - 0x0000000072f72000 	D:\Programma\Java\jre.1.8.0_121\bin\msvcr100.dll
0x0000000072f80000 - 0x000000007381b000 	D:\Programma\Java\jre.1.8.0_121\bin\server\jvm.dll
0x00007ffc33f70000 - 0x00007ffc33f78000 	C:\WINDOWS\System32\PSAPI.DLL
0x00007ffc2e740000 - 0x00007ffc2e749000 	C:\WINDOWS\SYSTEM32\WSOCK32.dll
0x00007ffc35990000 - 0x00007ffc359fc000 	C:\WINDOWS\System32\WS2_32.dll
0x00007ffc30eb0000 - 0x00007ffc30ed3000 	C:\WINDOWS\SYSTEM32\WINMM.dll
0x00007ffc29650000 - 0x00007ffc2965a000 	C:\WINDOWS\SYSTEM32\VERSION.dll
0x00007ffc30e50000 - 0x00007ffc30e7b000 	C:\WINDOWS\SYSTEM32\WINMMBASE.dll
0x00007ffc32e70000 - 0x00007ffc32eb9000 	C:\WINDOWS\System32\cfgmgr32.dll
0x0000000072e90000 - 0x0000000072e9f000 	D:\Programma\Java\jre.1.8.0_121\bin\verify.dll
0x0000000072e60000 - 0x0000000072e89000 	D:\Programma\Java\jre.1.8.0_121\bin\java.dll
0x0000000072e40000 - 0x0000000072e56000 	D:\Programma\Java\jre.1.8.0_121\bin\zip.dll
0x00007ffc34130000 - 0x00007ffc35567000 	C:\WINDOWS\System32\SHELL32.dll
0x00007ffc35fc0000 - 0x00007ffc3606a000 	C:\WINDOWS\System32\shcore.dll
0x00007ffc32fe0000 - 0x00007ffc336d2000 	C:\WINDOWS\System32\windows.storage.dll
0x00007ffc33d10000 - 0x00007ffc33d61000 	C:\WINDOWS\System32\shlwapi.dll
0x00007ffc32b40000 - 0x00007ffc32b51000 	C:\WINDOWS\System32\kernel.appcore.dll
0x00007ffc32ad0000 - 0x00007ffc32b1c000 	C:\WINDOWS\System32\powrprof.dll
0x00007ffc32b20000 - 0x00007ffc32b35000 	C:\WINDOWS\System32\profapi.dll
0x0000000072c30000 - 0x0000000072dc8000 	D:\Programma\Java\jre.1.8.0_121\bin\awt.dll
0x00007ffc35df0000 - 0x00007ffc35eaf000 	C:\WINDOWS\System32\OLEAUT32.dll
0x00007ffc310a0000 - 0x00007ffc3111e000 	C:\WINDOWS\SYSTEM32\apphelp.dll
0x00007ffc2e130000 - 0x00007ffc2e15a000 	C:\WINDOWS\system32\DWMAPI.DLL
0x00007ffc312d0000 - 0x00007ffc31365000 	C:\WINDOWS\system32\uxtheme.dll
0x00007ffc1af50000 - 0x00007ffc1b071000 	C:\WINDOWS\system32\opengl32.dll
0x00007ffc18b70000 - 0x00007ffc18b9c000 	C:\WINDOWS\SYSTEM32\GLU32.dll
0x00007ffc35a00000 - 0x00007ffc35b66000 	C:\WINDOWS\System32\MSCTF.dll
0x00007ffc35ca0000 - 0x00007ffc35de4000 	C:\WINDOWS\System32\ole32.dll
0x00007ffc32530000 - 0x00007ffc32547000 	C:\WINDOWS\SYSTEM32\CRYPTSP.dll
0x00007ffc31fa0000 - 0x00007ffc31fd4000 	C:\WINDOWS\system32\rsaenh.dll
0x00007ffc329a0000 - 0x00007ffc329c5000 	C:\WINDOWS\SYSTEM32\bcrypt.dll
0x00007ffc32a00000 - 0x00007ffc32a29000 	C:\WINDOWS\SYSTEM32\USERENV.dll
0x00007ffc32520000 - 0x00007ffc3252b000 	C:\WINDOWS\SYSTEM32\CRYPTBASE.dll
0x0000000072e20000 - 0x0000000072e3a000 	D:\Programma\Java\jre.1.8.0_121\bin\net.dll
0x00007ffc32380000 - 0x00007ffc323dc000 	C:\WINDOWS\system32\mswsock.dll
0x00007ffc32120000 - 0x00007ffc32157000 	C:\WINDOWS\SYSTEM32\IPHLPAPI.DLL
0x00007ffc34120000 - 0x00007ffc34128000 	C:\WINDOWS\System32\NSI.dll
0x00007ffc2c8c0000 - 0x00007ffc2c8d6000 	C:\WINDOWS\SYSTEM32\dhcpcsvc6.DLL
0x00007ffc2d050000 - 0x00007ffc2d06a000 	C:\WINDOWS\SYSTEM32\dhcpcsvc.DLL
0x0000000072e00000 - 0x0000000072e11000 	D:\Programma\Java\jre.1.8.0_121\bin\nio.dll
0x0000000072bf0000 - 0x0000000072c21000 	D:\Programma\Java\jre.1.8.0_121\bin\jpeg.dll
0x0000000072bb0000 - 0x0000000072bec000 	D:\Programma\Java\jre.1.8.0_121\bin\lcms.dll
0x0000000072b60000 - 0x0000000072ba7000 	D:\Programma\Java\jre.1.8.0_121\bin\fontmanager.dll
0x00007ffc26a40000 - 0x00007ffc26ac2000 	C:\WINDOWS\System32\TextInputFramework.dll
0x00007ffc30970000 - 0x00007ffc30a53000 	C:\WINDOWS\System32\CoreMessaging.dll
0x00007ffc26760000 - 0x00007ffc26a32000 	C:\WINDOWS\System32\CoreUIComponents.dll
0x00007ffc31dd0000 - 0x00007ffc31e01000 	C:\WINDOWS\SYSTEM32\ntmarta.dll
0x00007ffc2ba70000 - 0x00007ffc2ba85000 	C:\WINDOWS\SYSTEM32\usermgrcli.dll
0x00007ffc2f510000 - 0x00007ffc2f649000 	C:\WINDOWS\SYSTEM32\wintypes.dll
0x0000000072b10000 - 0x0000000072b52000 	D:\Programma\Java\jre.1.8.0_121\bin\t2k.dll
0x00007ffc2da00000 - 0x00007ffc2dba9000 	C:\WINDOWS\SYSTEM32\dbghelp.dll

VM Arguments:
jvm_args: -Dfile.encoding=Cp1252 
java_command: asteroids.part2.Part2
java_class_path (initial): C:\Users\senne\Documents\GitHub\OGP\OGP1617-Asteroids\bin;C:\Users\senne\.p2\pool\plugins\org.junit_4.12.0.v201504281640\junit.jar;C:\Users\senne\.p2\pool\plugins\org.hamcrest.core_1.3.0.v201303031735.jar;C:\Users\senne\Documents\GitHub\OGP\OGP1617-Asteroids\lib\AnnotationsDoclets.jar
Launcher Type: SUN_STANDARD

Environment Variables:
PATH=D:/Programma/Java/jre.1.8.0_121/bin/server;D:/Programma/Java/jre.1.8.0_121/bin;D:/Programma/Java/jre.1.8.0_121/lib/amd64;C:\ProgramData\Oracle\Java\javapath;C:\WINDOWS\system32;C:\WINDOWS;C:\WINDOWS\System32\Wbem;C:\WINDOWS\System32\WindowsPowerShell\v1.0\;D:\Programma\MATLAB\R2017a\runtime\win64;D:\Programma\MATLAB\R2017a\bin;C:\Users\senne\AppData\Local\Microsoft\WindowsApps;;C:\WINDOWS\system32;
USERNAME=senne
OS=Windows_NT
PROCESSOR_IDENTIFIER=Intel64 Family 6 Model 69 Stepping 1, GenuineIntel



---------------  S Y S T E M  ---------------

OS: Windows 10.0 , 64 bit Build 15063 (10.0.15063.0)

CPU:total 4 (2 cores per cpu, 2 threads per core) family 6 model 69 stepping 1, cmov, cx8, fxsr, mmx, sse, sse2, sse3, ssse3, sse4.1, sse4.2, popcnt, avx, avx2, aes, clmul, erms, lzcnt, ht, tsc, tscinvbit, bmi1, bmi2

Memory: 4k page, physical 8266008k(4171292k free), swap 10232088k(5893308k free)

vm_info: Java HotSpot(TM) 64-Bit Server VM (25.121-b13) for windows-amd64 JRE (1.8.0_121-b13), built on Dec 12 2016 18:21:36 by "java_re" with MS VC++ 10.0 (VS2010)

time: Fri Apr 14 10:35:13 2017
elapsed time: 2 seconds (0d 0h 0m 2s)

