#
# A fatal error has been detected by the Java Runtime Environment:
#
#  EXCEPTION_IN_PAGE_ERROR (0xc0000006) at pc=0x0000000072ae4a28, pid=9120, tid=0x0000000000000814
#
# JRE version: Java(TM) SE Runtime Environment (8.0_121-b13) (build 1.8.0_121-b13)
# Java VM: Java HotSpot(TM) 64-Bit Server VM (25.121-b13 mixed mode windows-amd64 compressed oops)
# Problematic frame:
# C  [dcpr.dll+0x4a28]
#
# Failed to write core dump. Minidumps are not enabled by default on client versions of Windows
#
# If you would like to submit a bug report, please visit:
#   http://bugreport.java.com/bugreport/crash.jsp
# The crash happened outside the Java Virtual Machine in native code.
# See problematic frame for where to report the bug.
#

---------------  T H R E A D  ---------------

Current thread (0x000000001a017800):  JavaThread "AWT-EventQueue-0" [_thread_in_native, id=2068, stack(0x000000001ae70000,0x000000001af70000)]

siginfo: ExceptionCode=0xc0000006, ExceptionInformation=0x0000000000000000 0x0000000072afd306 0x00000000c0000483 

Registers:
RAX=0x0000000000000000, RBX=0x0000000000000000, RCX=0x0000000019f328d8, RDX=0x0000000000000020
RSP=0x000000001af6c020, RBP=0x0000000000000002, RSI=0x0000000000000010, RDI=0x0000000019f328d8
R8 =0x000000000000002b, R9 =0x0000000000000902, R10=0x0000000000000902, R11=0x0000000000000000
R12=0x0000000072ae0000, R13=0x0000000000000020, R14=0x0000000000000000, R15=0x0000000000000001
RIP=0x0000000072ae4a28, EFLAGS=0x0000000000010206

Top of Stack: (sp=0x000000001af6c020)
0x000000001af6c020:   0000000019fe4fc0 0000000072ae5b7e
0x000000001af6c030:   0000000019f328d8 0000000000000001
0x000000001af6c040:   0000000000000000 000000001a0179f8
0x000000001af6c050:   0000000000000100 0000000019f328d8
0x000000001af6c060:   0000000019f328d8 0000000072ae9767
0x000000001af6c070:   0000000019fe4fc0 0000000019f896b8
0x000000001af6c080:   0000000019f8fab0 000000001a017800
0x000000001af6c090:   0000000000000020 0000000000000000
0x000000001af6c0a0:   000000001b11b658 000000001af6c210
0x000000001af6c0b0:   00000000197c67b0 000000007303b616
0x000000001af6c0c0:   000000001a017800 000000001af6c210
0x000000001af6c0d0:   0000000000000001 000000001a017368
0x000000001af6c0e0:   000000001a0179f8 0000000072ae2a09
0x000000001af6c0f0:   0000000019f8fab0 0000000019fe4fc0
0x000000001af6c100:   0000000019fe4fc0 000000001af6c208
0x000000001af6c110:   0000000000000020 0000000000000000 

Instructions: (pc=0x0000000072ae4a28)
0x0000000072ae4a08:   14 28 0f be 44 28 01 48 83 c5 02 83 e0 0f 83 e2
0x0000000072ae4a18:   0f c1 e2 04 4c 63 c2 4c 0b c0 48 63 c3 4c 0b c0
0x0000000072ae4a28:   43 0f b7 84 44 b0 d2 01 00 4a 8d 9c 20 30 49 01
0x0000000072ae4a38:   00 8a 03 48 ff c3 3c 80 73 07 2c 40 44 02 d8 eb 


Register to memory mapping:

RAX=0x0000000000000000 is an unknown value
RBX=0x0000000000000000 is an unknown value
RCX=0x0000000019f328d8 is an unknown value
RDX=0x0000000000000020 is an unknown value
RSP=0x000000001af6c020 is pointing into the stack for thread: 0x000000001a017800
RBP=0x0000000000000002 is an unknown value
RSI=0x0000000000000010 is an unknown value
RDI=0x0000000019f328d8 is an unknown value
R8 =0x000000000000002b is an unknown value
R9 =0x0000000000000902 is an unknown value
R10=0x0000000000000902 is an unknown value
R11=0x0000000000000000 is an unknown value
R12=0x0000000072ae0000 is an unknown value
R13=0x0000000000000020 is an unknown value
R14=0x0000000000000000 is an unknown value
R15=0x0000000000000001 is an unknown value


Stack: [0x000000001ae70000,0x000000001af70000],  sp=0x000000001af6c020,  free space=1008k
Native frames: (J=compiled Java code, j=interpreted, Vv=VM code, C=native code)
C  [dcpr.dll+0x4a28]
C  [dcpr.dll+0x5b7e]
C  [dcpr.dll+0x9767]
C  [dcpr.dll+0x2a09]
C  0x0000000002f57f74

Java frames: (J=compiled Java code, j=interpreted, Vv=VM code)
j  sun.dc.pr.PathFiller.writeAlpha8([BIII)V+0
j  sun.dc.pr.PathFiller.writeAlpha([BIII)V+6
j  sun.dc.pr.Rasterizer.getAlpha([BII)V+14
j  sun.java2d.pipe.AAShapePipe.renderTiles(Lsun/java2d/SunGraphics2D;Ljava/awt/Shape;Lsun/java2d/pipe/AATileGenerator;[I)V+227
j  sun.java2d.pipe.AAShapePipe.renderPath(Lsun/java2d/SunGraphics2D;Ljava/awt/Shape;Ljava/awt/BasicStroke;)V+80
j  sun.java2d.pipe.AAShapePipe.fill(Lsun/java2d/SunGraphics2D;Ljava/awt/Shape;)V+4
j  sun.java2d.pipe.PixelToParallelogramConverter.fill(Lsun/java2d/SunGraphics2D;Ljava/awt/Shape;)V+70
j  sun.java2d.SunGraphics2D.fill(Ljava/awt/Shape;)V+6
j  sun.java2d.pipe.OutlineTextRenderer.drawString(Lsun/java2d/SunGraphics2D;Ljava/lang/String;DD)V+117
j  sun.java2d.pipe.GlyphListPipe.drawString(Lsun/java2d/SunGraphics2D;Ljava/lang/String;DD)V+24
j  sun.java2d.SunGraphics2D.drawString(Ljava/lang/String;II)V+68
j  asteroids.part2.internal.AsteroidsMenu2.drawCenteredString(Ljava/awt/Graphics2D;Ljava/lang/String;I)V+31
j  asteroids.part2.internal.AsteroidsMenu2.paintComponent(Ljava/awt/Graphics;)V+85
j  javax.swing.JComponent.paint(Ljava/awt/Graphics;)V+286
j  javax.swing.JComponent.paintChildren(Ljava/awt/Graphics;)V+501
j  javax.swing.JComponent.paint(Ljava/awt/Graphics;)V+318
j  javax.swing.JComponent.paintChildren(Ljava/awt/Graphics;)V+501
j  javax.swing.JComponent.paint(Ljava/awt/Graphics;)V+318
j  javax.swing.JLayeredPane.paint(Ljava/awt/Graphics;)V+73
j  javax.swing.JComponent.paintChildren(Ljava/awt/Graphics;)V+501
j  javax.swing.JComponent.paintToOffscreen(Ljava/awt/Graphics;IIIIII)V+72
j  javax.swing.RepaintManager$PaintManager.paintDoubleBuffered(Ljavax/swing/JComponent;Ljava/awt/Image;Ljava/awt/Graphics;IIII)V+163
j  javax.swing.RepaintManager$PaintManager.paint(Ljavax/swing/JComponent;Ljavax/swing/JComponent;Ljava/awt/Graphics;IIII)Z+116
j  javax.swing.RepaintManager.paint(Ljavax/swing/JComponent;Ljavax/swing/JComponent;Ljava/awt/Graphics;IIII)V+51
j  javax.swing.JComponent.paint(Ljava/awt/Graphics;)V+221
j  java.awt.GraphicsCallback$PaintCallback.run(Ljava/awt/Component;Ljava/awt/Graphics;)V+2
j  sun.awt.SunGraphicsCallback.runOneComponent(Ljava/awt/Component;Ljava/awt/Rectangle;Ljava/awt/Graphics;Ljava/awt/Shape;I)V+155
j  sun.awt.SunGraphicsCallback.runComponents([Ljava/awt/Component;Ljava/awt/Graphics;I)V+194
j  java.awt.Container.paint(Ljava/awt/Graphics;)V+58
j  java.awt.Window.paint(Ljava/awt/Graphics;)V+68
j  javax.swing.RepaintManager$4.run()Ljava/lang/Void;+142
j  javax.swing.RepaintManager$4.run()Ljava/lang/Object;+1
v  ~StubRoutines::call_stub
j  java.security.AccessController.doPrivileged(Ljava/security/PrivilegedAction;Ljava/security/AccessControlContext;)Ljava/lang/Object;+0
j  java.security.ProtectionDomain$JavaSecurityAccessImpl.doIntersectionPrivilege(Ljava/security/PrivilegedAction;Ljava/security/AccessControlContext;Ljava/security/AccessControlContext;)Ljava/lang/Object;+18
j  javax.swing.RepaintManager.paintDirtyRegions(Ljava/util/Map;)V+154
j  javax.swing.RepaintManager.paintDirtyRegions()V+46
j  javax.swing.RepaintManager.prePaintDirtyRegions()V+73
j  javax.swing.RepaintManager.access$1200(Ljavax/swing/RepaintManager;)V+1
j  javax.swing.RepaintManager$ProcessingRunnable.run()V+37
j  java.awt.event.InvocationEvent.dispatch()V+47
j  java.awt.EventQueue.dispatchEventImpl(Ljava/awt/AWTEvent;Ljava/lang/Object;)V+21
j  java.awt.EventQueue.access$500(Ljava/awt/EventQueue;Ljava/awt/AWTEvent;Ljava/lang/Object;)V+3
j  java.awt.EventQueue$3.run()Ljava/lang/Void;+32
j  java.awt.EventQueue$3.run()Ljava/lang/Object;+1
v  ~StubRoutines::call_stub
j  java.security.AccessController.doPrivileged(Ljava/security/PrivilegedAction;Ljava/security/AccessControlContext;)Ljava/lang/Object;+0
j  java.security.ProtectionDomain$JavaSecurityAccessImpl.doIntersectionPrivilege(Ljava/security/PrivilegedAction;Ljava/security/AccessControlContext;Ljava/security/AccessControlContext;)Ljava/lang/Object;+18
j  java.awt.EventQueue.dispatchEvent(Ljava/awt/AWTEvent;)V+46
j  java.awt.EventDispatchThread.pumpOneEventForFilters(I)V+245
j  java.awt.EventDispatchThread.pumpEventsForFilter(ILjava/awt/Conditional;Ljava/awt/EventFilter;)V+35
j  java.awt.EventDispatchThread.pumpEventsForHierarchy(ILjava/awt/Conditional;Ljava/awt/Component;)V+11
j  java.awt.EventDispatchThread.pumpEvents(ILjava/awt/Conditional;)V+4
j  java.awt.EventDispatchThread.pumpEvents(Ljava/awt/Conditional;)V+3
j  java.awt.EventDispatchThread.run()V+9
v  ~StubRoutines::call_stub

---------------  P R O C E S S  ---------------

Java Threads: ( => current thread )
  0x0000000002e40800 JavaThread "DestroyJavaVM" [_thread_blocked, id=5560, stack(0x0000000002d40000,0x0000000002e40000)]
=>0x000000001a017800 JavaThread "AWT-EventQueue-0" [_thread_in_native, id=2068, stack(0x000000001ae70000,0x000000001af70000)]
  0x00000000197ca800 JavaThread "AWT-Windows" daemon [_thread_in_native, id=8240, stack(0x0000000019d60000,0x0000000019e60000)]
  0x00000000197c7800 JavaThread "AWT-Shutdown" [_thread_blocked, id=3756, stack(0x0000000019c60000,0x0000000019d60000)]
  0x00000000197c5800 JavaThread "Java2D Disposer" daemon [_thread_blocked, id=9684, stack(0x0000000019b20000,0x0000000019c20000)]
  0x00000000193f0800 JavaThread "Service Thread" daemon [_thread_blocked, id=4880, stack(0x00000000197d0000,0x00000000198d0000)]
  0x0000000017a78000 JavaThread "C1 CompilerThread2" daemon [_thread_blocked, id=4536, stack(0x00000000192d0000,0x00000000193d0000)]
  0x0000000017a71800 JavaThread "C2 CompilerThread1" daemon [_thread_blocked, id=8496, stack(0x00000000191d0000,0x00000000192d0000)]
  0x0000000017a6c000 JavaThread "C2 CompilerThread0" daemon [_thread_blocked, id=6524, stack(0x00000000190d0000,0x00000000191d0000)]
  0x0000000017a6a800 JavaThread "Attach Listener" daemon [_thread_blocked, id=6516, stack(0x0000000018fd0000,0x00000000190d0000)]
  0x0000000017a69800 JavaThread "Signal Dispatcher" daemon [_thread_blocked, id=6620, stack(0x0000000018ed0000,0x0000000018fd0000)]
  0x0000000002f3a000 JavaThread "Finalizer" daemon [_thread_blocked, id=7516, stack(0x0000000018cc0000,0x0000000018dc0000)]
  0x0000000002f2f000 JavaThread "Reference Handler" daemon [_thread_blocked, id=9352, stack(0x0000000018bc0000,0x0000000018cc0000)]

Other Threads:
  0x0000000017a37800 VMThread [stack: 0x0000000018ac0000,0x0000000018bc0000] [id=6444]
  0x000000001941b800 WatcherThread [stack: 0x0000000019a20000,0x0000000019b20000] [id=1276]

VM state:not at safepoint (normal execution)

VM Mutex/Monitor currently owned by a thread: None

Heap:
 PSYoungGen      total 38400K, used 32465K [0x00000000d5f00000, 0x00000000daa00000, 0x0000000100000000)
  eden space 33280K, 84% used [0x00000000d5f00000,0x00000000d7a607b8,0x00000000d7f80000)
  from space 5120K, 86% used [0x00000000d7f80000,0x00000000d83d3d68,0x00000000d8480000)
  to   space 5120K, 0% used [0x00000000da500000,0x00000000da500000,0x00000000daa00000)
 ParOldGen       total 87552K, used 22184K [0x0000000081c00000, 0x0000000087180000, 0x00000000d5f00000)
  object space 87552K, 25% used [0x0000000081c00000,0x00000000831aa060,0x0000000087180000)
 Metaspace       used 9970K, capacity 10194K, committed 10368K, reserved 1058816K
  class space    used 1207K, capacity 1290K, committed 1408K, reserved 1048576K

Card table byte_map: [0x0000000012300000,0x0000000012700000] byte_map_base: 0x0000000011ef2000

Marking Bits: (ParMarkBitMap*) 0x000000007379b6d0
 Begin Bits: [0x0000000012db0000, 0x0000000014d40000)
 End Bits:   [0x0000000014d40000, 0x0000000016cd0000)

Polling page: 0x0000000000f50000

CodeCache: size=245760Kb used=2203Kb max_used=2203Kb free=243556Kb
 bounds [0x0000000002f40000, 0x00000000031b0000, 0x0000000011f40000]
 total_blobs=952 nmethods=468 adapters=397
 compilation: enabled

Compilation events (10 events):
Event: 0.746 Thread 0x0000000017a78000  464       3       java.nio.channels.spi.AbstractInterruptibleChannel::begin (48 bytes)
Event: 0.747 Thread 0x0000000017a78000 nmethod 464 0x0000000003166750 code [0x0000000003166920, 0x0000000003167238]
Event: 0.747 Thread 0x0000000017a78000  467       3       java.awt.geom.Path2D$Float::needRoom (72 bytes)
Event: 0.747 Thread 0x0000000017a78000 nmethod 467 0x00000000031660d0 code [0x0000000003166260, 0x00000000031665e8]
Event: 0.747 Thread 0x0000000017a78000  468       3       java.awt.geom.Path2D$Iterator::next (35 bytes)
Event: 0.747 Thread 0x0000000017a78000 nmethod 468 0x0000000003165b50 code [0x0000000003165cc0, 0x0000000003165e90]
Event: 0.747 Thread 0x0000000017a78000  465       3       java.awt.geom.Path2D$Iterator::isDone (20 bytes)
Event: 0.748 Thread 0x0000000017a78000 nmethod 465 0x0000000003161cd0 code [0x0000000003161e20, 0x0000000003161fd0]
Event: 0.748 Thread 0x0000000017a78000  466       3       java.awt.geom.Path2D$Float$CopyIterator::currentSegment (39 bytes)
Event: 0.748 Thread 0x0000000017a78000 nmethod 466 0x0000000003167b90 code [0x0000000003167d00, 0x0000000003167fc8]

GC Heap History (2 events):
Event: 0.630 GC heap before
{Heap before GC invocations=1 (full 0):
 PSYoungGen      total 38400K, used 33280K [0x00000000d5f00000, 0x00000000d8980000, 0x0000000100000000)
  eden space 33280K, 100% used [0x00000000d5f00000,0x00000000d7f80000,0x00000000d7f80000)
  from space 5120K, 0% used [0x00000000d8480000,0x00000000d8480000,0x00000000d8980000)
  to   space 5120K, 0% used [0x00000000d7f80000,0x00000000d7f80000,0x00000000d8480000)
 ParOldGen       total 87552K, used 0K [0x0000000081c00000, 0x0000000087180000, 0x00000000d5f00000)
  object space 87552K, 0% used [0x0000000081c00000,0x0000000081c00000,0x0000000087180000)
 Metaspace       used 9348K, capacity 9554K, committed 9728K, reserved 1058816K
  class space    used 1137K, capacity 1226K, committed 1280K, reserved 1048576K
Event: 0.638 GC heap after
Heap after GC invocations=1 (full 0):
 PSYoungGen      total 38400K, used 4431K [0x00000000d5f00000, 0x00000000daa00000, 0x0000000100000000)
  eden space 33280K, 0% used [0x00000000d5f00000,0x00000000d5f00000,0x00000000d7f80000)
  from space 5120K, 86% used [0x00000000d7f80000,0x00000000d83d3d68,0x00000000d8480000)
  to   space 5120K, 0% used [0x00000000da500000,0x00000000da500000,0x00000000daa00000)
 ParOldGen       total 87552K, used 22184K [0x0000000081c00000, 0x0000000087180000, 0x00000000d5f00000)
  object space 87552K, 25% used [0x0000000081c00000,0x00000000831aa060,0x0000000087180000)
 Metaspace       used 9348K, capacity 9554K, committed 9728K, reserved 1058816K
  class space    used 1137K, capacity 1226K, committed 1280K, reserved 1048576K
}

Deoptimization events (1 events):
Event: 0.732 Thread 0x000000001a017800 Uncommon trap: reason=unstable_if action=reinterpret pc=0x0000000003163e6c method=java.io.BufferedInputStream.read()I @ 8

Internal exceptions (10 events):
Event: 0.060 Thread 0x0000000002e40800 Exception <a 'java/lang/NoSuchMethodError': Method sun.misc.Unsafe.prefetchRead(Ljava/lang/Object;J)V name or signature does not match> (0x00000000d5f07f90) thrown at [C:\re\workspace\8-2-build-windows-amd64-cygwin\jdk8u121\8372\hotspot\src\share\vm\prims
Event: 0.117 Thread 0x0000000002e40800 Exception <a 'java/io/FileNotFoundException'> (0x00000000d5f59fa8) thrown at [C:\re\workspace\8-2-build-windows-amd64-cygwin\jdk8u121\8372\hotspot\src\share\vm\prims\jni.cpp, line 709]
Event: 0.148 Thread 0x0000000002e40800 Exception <a 'java/security/PrivilegedActionException'> (0x00000000d605aec8) thrown at [C:\re\workspace\8-2-build-windows-amd64-cygwin\jdk8u121\8372\hotspot\src\share\vm\prims\jvm.cpp, line 1390]
Event: 0.148 Thread 0x0000000002e40800 Exception <a 'java/security/PrivilegedActionException'> (0x00000000d605b0d8) thrown at [C:\re\workspace\8-2-build-windows-amd64-cygwin\jdk8u121\8372\hotspot\src\share\vm\prims\jvm.cpp, line 1390]
Event: 0.148 Thread 0x0000000002e40800 Exception <a 'java/security/PrivilegedActionException'> (0x00000000d605dba8) thrown at [C:\re\workspace\8-2-build-windows-amd64-cygwin\jdk8u121\8372\hotspot\src\share\vm\prims\jvm.cpp, line 1390]
Event: 0.148 Thread 0x0000000002e40800 Exception <a 'java/security/PrivilegedActionException'> (0x00000000d605ddb8) thrown at [C:\re\workspace\8-2-build-windows-amd64-cygwin\jdk8u121\8372\hotspot\src\share\vm\prims\jvm.cpp, line 1390]
Event: 0.158 Thread 0x0000000002e40800 Exception <a 'java/io/FileNotFoundException'> (0x00000000d6070c68) thrown at [C:\re\workspace\8-2-build-windows-amd64-cygwin\jdk8u121\8372\hotspot\src\share\vm\prims\jni.cpp, line 709]
Event: 0.197 Thread 0x0000000002e40800 Exception <a 'java/lang/NoSuchFieldError': method resolution failed> (0x00000000d613e138) thrown at [C:\re\workspace\8-2-build-windows-amd64-cygwin\jdk8u121\8372\hotspot\src\share\vm\prims\methodHandles.cpp, line 1146]
Event: 0.200 Thread 0x0000000002e40800 Exception <a 'java/lang/NoSuchFieldError': method resolution failed> (0x00000000d614b508) thrown at [C:\re\workspace\8-2-build-windows-amd64-cygwin\jdk8u121\8372\hotspot\src\share\vm\prims\methodHandles.cpp, line 1146]
Event: 0.237 Thread 0x0000000002e40800 Exception <a 'java/io/FileNotFoundException'> (0x00000000d61d4430) thrown at [C:\re\workspace\8-2-build-windows-amd64-cygwin\jdk8u121\8372\hotspot\src\share\vm\prims\jni.cpp, line 709]

Events (10 events):
Event: 0.748 loading class sun/awt/geom/PathConsumer2D
Event: 0.748 loading class sun/awt/geom/PathConsumer2D done
Event: 0.748 loading class sun/dc/pr/PathDasher
Event: 0.748 loading class sun/dc/pr/PathDasher done
Event: 0.748 loading class sun/dc/pr/PathDasher$1
Event: 0.748 loading class sun/dc/pr/PathDasher$1 done
Event: 0.748 loading class sun/dc/pr/Rasterizer$ConsumerDisposer
Event: 0.748 loading class sun/dc/pr/Rasterizer$ConsumerDisposer done
Event: 0.748 loading class java/awt/geom/Path2D$Float$TxIterator
Event: 0.748 loading class java/awt/geom/Path2D$Float$TxIterator done


Dynamic libraries:
0x00007ff6e5c50000 - 0x00007ff6e5c87000 	D:\Programma\Java\jre.1.8.0_121\bin\javaw.exe
0x00007ffc36660000 - 0x00007ffc3683b000 	C:\WINDOWS\SYSTEM32\ntdll.dll
0x00007ffc33c60000 - 0x00007ffc33d0e000 	C:\WINDOWS\System32\KERNEL32.DLL
0x00007ffc32b80000 - 0x00007ffc32dc9000 	C:\WINDOWS\System32\KERNELBASE.dll
0x00007ffc33e60000 - 0x00007ffc33f01000 	C:\WINDOWS\System32\ADVAPI32.dll
0x00007ffc358f0000 - 0x00007ffc3598d000 	C:\WINDOWS\System32\msvcrt.dll
0x00007ffc33f10000 - 0x00007ffc33f69000 	C:\WINDOWS\System32\sechost.dll
0x00007ffc35b70000 - 0x00007ffc35c95000 	C:\WINDOWS\System32\RPCRT4.dll
0x00007ffc36510000 - 0x00007ffc3665a000 	C:\WINDOWS\System32\USER32.dll
0x00007ffc32fc0000 - 0x00007ffc32fde000 	C:\WINDOWS\System32\win32u.dll
0x00007ffc360a0000 - 0x00007ffc360c7000 	C:\WINDOWS\System32\GDI32.dll
0x00007ffc33960000 - 0x00007ffc33ae9000 	C:\WINDOWS\System32\gdi32full.dll
0x00007ffc32dd0000 - 0x00007ffc32e6a000 	C:\WINDOWS\System32\msvcp_win.dll
0x00007ffc32ec0000 - 0x00007ffc32fb6000 	C:\WINDOWS\System32\ucrtbase.dll
0x00007ffc29af0000 - 0x00007ffc29d57000 	C:\WINDOWS\WinSxS\amd64_microsoft.windows.common-controls_6595b64144ccf1df_6.0.15063.0_none_108e4f62dfe5d999\COMCTL32.dll
0x00007ffc355f0000 - 0x00007ffc358e9000 	C:\WINDOWS\System32\combase.dll
0x00007ffc33af0000 - 0x00007ffc33b5a000 	C:\WINDOWS\System32\bcryptPrimitives.dll
0x00007ffc36070000 - 0x00007ffc3609d000 	C:\WINDOWS\System32\IMM32.DLL
0x0000000072ea0000 - 0x0000000072f72000 	D:\Programma\Java\jre.1.8.0_121\bin\msvcr100.dll
0x0000000072f80000 - 0x000000007381b000 	D:\Programma\Java\jre.1.8.0_121\bin\server\jvm.dll
0x00007ffc33f70000 - 0x00007ffc33f78000 	C:\WINDOWS\System32\PSAPI.DLL
0x00007ffc30eb0000 - 0x00007ffc30ed3000 	C:\WINDOWS\SYSTEM32\WINMM.dll
0x00007ffc29650000 - 0x00007ffc2965a000 	C:\WINDOWS\SYSTEM32\VERSION.dll
0x00007ffc2e740000 - 0x00007ffc2e749000 	C:\WINDOWS\SYSTEM32\WSOCK32.dll
0x00007ffc35990000 - 0x00007ffc359fc000 	C:\WINDOWS\System32\WS2_32.dll
0x00007ffc30e50000 - 0x00007ffc30e7b000 	C:\WINDOWS\SYSTEM32\winmmbase.dll
0x00007ffc32e70000 - 0x00007ffc32eb9000 	C:\WINDOWS\System32\cfgmgr32.dll
0x0000000072e90000 - 0x0000000072e9f000 	D:\Programma\Java\jre.1.8.0_121\bin\verify.dll
0x0000000072e60000 - 0x0000000072e89000 	D:\Programma\Java\jre.1.8.0_121\bin\java.dll
0x0000000072e40000 - 0x0000000072e56000 	D:\Programma\Java\jre.1.8.0_121\bin\zip.dll
0x00007ffc34130000 - 0x00007ffc35567000 	C:\WINDOWS\System32\SHELL32.dll
0x00007ffc35fc0000 - 0x00007ffc3606a000 	C:\WINDOWS\System32\shcore.dll
0x00007ffc32fe0000 - 0x00007ffc336d2000 	C:\WINDOWS\System32\windows.storage.dll
0x00007ffc33d10000 - 0x00007ffc33d61000 	C:\WINDOWS\System32\shlwapi.dll
0x00007ffc32b40000 - 0x00007ffc32b51000 	C:\WINDOWS\System32\kernel.appcore.dll
0x00007ffc32ad0000 - 0x00007ffc32b1c000 	C:\WINDOWS\System32\powrprof.dll
0x00007ffc32b20000 - 0x00007ffc32b35000 	C:\WINDOWS\System32\profapi.dll
0x0000000072c30000 - 0x0000000072dc8000 	D:\Programma\Java\jre.1.8.0_121\bin\awt.dll
0x00007ffc35df0000 - 0x00007ffc35eaf000 	C:\WINDOWS\System32\OLEAUT32.dll
0x00007ffc310a0000 - 0x00007ffc3111e000 	C:\WINDOWS\SYSTEM32\apphelp.dll
0x00007ffc2e130000 - 0x00007ffc2e15a000 	C:\WINDOWS\system32\DWMAPI.DLL
0x00007ffc312d0000 - 0x00007ffc31365000 	C:\WINDOWS\system32\uxtheme.dll
0x00007ffc1af50000 - 0x00007ffc1b071000 	C:\WINDOWS\system32\opengl32.dll
0x00007ffc18b70000 - 0x00007ffc18b9c000 	C:\WINDOWS\SYSTEM32\GLU32.dll
0x00007ffc35a00000 - 0x00007ffc35b66000 	C:\WINDOWS\System32\MSCTF.dll
0x00007ffc35ca0000 - 0x00007ffc35de4000 	C:\WINDOWS\System32\ole32.dll
0x00007ffc32530000 - 0x00007ffc32547000 	C:\WINDOWS\SYSTEM32\CRYPTSP.dll
0x00007ffc31fa0000 - 0x00007ffc31fd4000 	C:\WINDOWS\system32\rsaenh.dll
0x00007ffc329a0000 - 0x00007ffc329c5000 	C:\WINDOWS\SYSTEM32\bcrypt.dll
0x00007ffc32a00000 - 0x00007ffc32a29000 	C:\WINDOWS\SYSTEM32\USERENV.dll
0x00007ffc32520000 - 0x00007ffc3252b000 	C:\WINDOWS\SYSTEM32\CRYPTBASE.dll
0x0000000072e20000 - 0x0000000072e3a000 	D:\Programma\Java\jre.1.8.0_121\bin\net.dll
0x00007ffc32380000 - 0x00007ffc323dc000 	C:\WINDOWS\system32\mswsock.dll
0x00007ffc32120000 - 0x00007ffc32157000 	C:\WINDOWS\SYSTEM32\IPHLPAPI.DLL
0x00007ffc34120000 - 0x00007ffc34128000 	C:\WINDOWS\System32\NSI.dll
0x00007ffc2c8c0000 - 0x00007ffc2c8d6000 	C:\WINDOWS\SYSTEM32\dhcpcsvc6.DLL
0x00007ffc2d050000 - 0x00007ffc2d06a000 	C:\WINDOWS\SYSTEM32\dhcpcsvc.DLL
0x0000000072e00000 - 0x0000000072e11000 	D:\Programma\Java\jre.1.8.0_121\bin\nio.dll
0x0000000072bf0000 - 0x0000000072c21000 	D:\Programma\Java\jre.1.8.0_121\bin\jpeg.dll
0x0000000072bb0000 - 0x0000000072bec000 	D:\Programma\Java\jre.1.8.0_121\bin\lcms.dll
0x0000000072b60000 - 0x0000000072ba7000 	D:\Programma\Java\jre.1.8.0_121\bin\fontmanager.dll
0x00007ffc26a40000 - 0x00007ffc26ac2000 	C:\WINDOWS\System32\TextInputFramework.dll
0x00007ffc26760000 - 0x00007ffc26a32000 	C:\WINDOWS\System32\CoreUIComponents.dll
0x00007ffc30970000 - 0x00007ffc30a53000 	C:\WINDOWS\System32\CoreMessaging.dll
0x00007ffc31dd0000 - 0x00007ffc31e01000 	C:\WINDOWS\SYSTEM32\ntmarta.dll
0x00007ffc2f510000 - 0x00007ffc2f649000 	C:\WINDOWS\SYSTEM32\wintypes.dll
0x00007ffc2ba70000 - 0x00007ffc2ba85000 	C:\WINDOWS\SYSTEM32\usermgrcli.dll
0x0000000072b10000 - 0x0000000072b52000 	D:\Programma\Java\jre.1.8.0_121\bin\t2k.dll
0x0000000072ae0000 - 0x0000000072b0a000 	D:\Programma\Java\jre.1.8.0_121\bin\dcpr.dll
0x00007ffc2da00000 - 0x00007ffc2dba9000 	C:\WINDOWS\SYSTEM32\dbghelp.dll

VM Arguments:
jvm_args: -Dfile.encoding=Cp1252 
java_command: asteroids.part2.Part2
java_class_path (initial): C:\Users\senne\Documents\GitHub\OGP\OGP1617-Asteroids\bin;C:\Users\senne\.p2\pool\plugins\org.junit_4.12.0.v201504281640\junit.jar;C:\Users\senne\.p2\pool\plugins\org.hamcrest.core_1.3.0.v201303031735.jar;C:\Users\senne\Documents\GitHub\OGP\OGP1617-Asteroids\lib\AnnotationsDoclets.jar
Launcher Type: SUN_STANDARD

Environment Variables:
PATH=D:/Programma/Java/jre.1.8.0_121/bin/server;D:/Programma/Java/jre.1.8.0_121/bin;D:/Programma/Java/jre.1.8.0_121/lib/amd64;C:\ProgramData\Oracle\Java\javapath;C:\WINDOWS\system32;C:\WINDOWS;C:\WINDOWS\System32\Wbem;C:\WINDOWS\System32\WindowsPowerShell\v1.0\;D:\Programma\MATLAB\R2017a\runtime\win64;D:\Programma\MATLAB\R2017a\bin;C:\Users\senne\AppData\Local\Microsoft\WindowsApps;;C:\WINDOWS\system32;
USERNAME=senne
OS=Windows_NT
PROCESSOR_IDENTIFIER=Intel64 Family 6 Model 69 Stepping 1, GenuineIntel



---------------  S Y S T E M  ---------------

OS: Windows 10.0 , 64 bit Build 15063 (10.0.15063.0)

CPU:total 4 (2 cores per cpu, 2 threads per core) family 6 model 69 stepping 1, cmov, cx8, fxsr, mmx, sse, sse2, sse3, ssse3, sse4.1, sse4.2, popcnt, avx, avx2, aes, clmul, erms, lzcnt, ht, tsc, tscinvbit, bmi1, bmi2

Memory: 4k page, physical 8266008k(4169588k free), swap 10232088k(5860944k free)

vm_info: Java HotSpot(TM) 64-Bit Server VM (25.121-b13) for windows-amd64 JRE (1.8.0_121-b13), built on Dec 12 2016 18:21:36 by "java_re" with MS VC++ 10.0 (VS2010)

time: Fri Apr 14 10:35:18 2017
elapsed time: 0 seconds (0d 0h 0m 0s)

