#
# A fatal error has been detected by the Java Runtime Environment:
#
#  EXCEPTION_IN_PAGE_ERROR (0xc0000006) at pc=0x0000000072c57e4c, pid=3076, tid=0x00000000000023d8
#
# JRE version: Java(TM) SE Runtime Environment (8.0_121-b13) (build 1.8.0_121-b13)
# Java VM: Java HotSpot(TM) 64-Bit Server VM (25.121-b13 mixed mode windows-amd64 compressed oops)
# Problematic frame:
# C  [awt.dll+0x27e4c]
#
# Failed to write core dump. Minidumps are not enabled by default on client versions of Windows
#
# If you would like to submit a bug report, please visit:
#   http://bugreport.java.com/bugreport/crash.jsp
# The crash happened outside the Java Virtual Machine in native code.
# See problematic frame for where to report the bug.
#

---------------  T H R E A D  ---------------

Current thread (0x0000000003060800):  JavaThread "main" [_thread_in_native, id=9176, stack(0x0000000002f10000,0x0000000003010000)]

siginfo: ExceptionCode=0xc0000006, ExceptionInformation=0x0000000000000008 0x0000000072c57e4c 0x00000000c0000483 

Registers:
RAX=0x000000003ad7000a, RBX=0x0000000000000000, RCX=0x000000000300edb8, RDX=0x0000000000f6f000
RSP=0x000000000300ed58, RBP=0x000000000300ee48, RSI=0x0000000000000000, RDI=0x00000000030609f8
R8 =0x0000000000000000, R9 =0x00007ffc365a1e7c, R10=0x000000000000033d, R11=0x000000000300eaa0
R12=0x0000000000000000, R13=0x00000000176c7188, R14=0x000000000300ee60, R15=0x0000000003060800
RIP=0x0000000072c57e4c, EFLAGS=0x0000000000010202

Top of Stack: (sp=0x000000000300ed58)
0x000000000300ed58:   0000000072d0193a 0000000000000000
0x000000000300ed68:   00000000012a5d60 00007ffc36510000
0x000000000300ed78:   00007ffc32bc1e0d 00007ffc36510000
0x000000000300ed88:   0000000000000009 fffffffffffffffe
0x000000000300ed98:   0000000000000000 00007ffc36510000
0x000000000300eda8:   0000000072d019fa 00007ffc00000000
0x000000000300edb8:   0000000000000000 000000000300ee48
0x000000000300edc8:   0000000000000000 0000000003167b30
0x000000000300edd8:   0000000003177f74 00000000176c7188
0x000000000300ede8:   00000000176c7188 0000000000000000
0x000000000300edf8:   0000000003060800 0000000003177ca2
0x000000000300ee08:   000000000300ee08 00000000176c7188
0x000000000300ee18:   000000000300ee60 00000000176c9bc0
0x000000000300ee28:   0000000000000000 00000000176c7188
0x000000000300ee38:   0000000000000000 000000000300ee68
0x000000000300ee48:   000000000300eea8 000000000316835d 

Instructions: (pc=0x0000000072c57e4c)
0x0000000072c57e2c:   12 00 48 89 1d eb 34 12 00 48 89 15 f4 34 12 00
0x0000000072c57e3c:   e8 cf 68 0b 00 48 8b c3 48 83 c4 20 5b c3 cc cc
0x0000000072c57e4c:   48 89 5c 24 08 57 48 83 ec 20 48 8b f9 e8 5a ff
0x0000000072c57e5c:   ff ff 48 83 78 28 00 48 8b d8 75 11 48 8b 50 20 


Register to memory mapping:

RAX=0x000000003ad7000a is an unknown value
RBX=0x0000000000000000 is an unknown value
RCX=0x000000000300edb8 is pointing into the stack for thread: 0x0000000003060800
RDX=0x0000000000f6f000 is an unknown value
RSP=0x000000000300ed58 is pointing into the stack for thread: 0x0000000003060800
RBP=0x000000000300ee48 is pointing into the stack for thread: 0x0000000003060800
RSI=0x0000000000000000 is an unknown value
RDI=0x00000000030609f8 is an unknown value
R8 =0x0000000000000000 is an unknown value
R9 =0x00007ffc365a1e7c is an unknown value
R10=0x000000000000033d is an unknown value
R11=0x000000000300eaa0 is pointing into the stack for thread: 0x0000000003060800
R12=0x0000000000000000 is an unknown value
R13={method} {0x00000000176c7190} 'initDisplay' '()V' in 'sun/awt/Win32GraphicsEnvironment'
R14=0x000000000300ee60 is pointing into the stack for thread: 0x0000000003060800
R15=0x0000000003060800 is a thread


Stack: [0x0000000002f10000,0x0000000003010000],  sp=0x000000000300ed58,  free space=1019k
Native frames: (J=compiled Java code, j=interpreted, Vv=VM code, C=native code)
C  [awt.dll+0x27e4c]
C  [awt.dll+0xd193a]
C  [awt.dll+0xd19fa]
C  0x0000000003177f74

Java frames: (J=compiled Java code, j=interpreted, Vv=VM code)
j  sun.awt.Win32GraphicsEnvironment.initDisplay()V+0
j  sun.awt.Win32GraphicsEnvironment.initDisplayWrapper()V+10
j  sun.awt.Win32GraphicsEnvironment.<clinit>()V+22
v  ~StubRoutines::call_stub
j  java.lang.Class.forName0(Ljava/lang/String;ZLjava/lang/ClassLoader;Ljava/lang/Class;)Ljava/lang/Class;+0
j  java.lang.Class.forName(Ljava/lang/String;)Ljava/lang/Class;+11
j  java.awt.GraphicsEnvironment.createGE()Ljava/awt/GraphicsEnvironment;+18
j  java.awt.GraphicsEnvironment.getLocalGraphicsEnvironment()Ljava/awt/GraphicsEnvironment;+6
j  asteroids.part2.internal.AsteroidsFrame2.run(Lasteroids/part2/facade/IFacade;ZZ)V+0
j  asteroids.part2.Part2.main([Ljava/lang/String;)V+95
v  ~StubRoutines::call_stub

---------------  P R O C E S S  ---------------

Java Threads: ( => current thread )
  0x000000001961c000 JavaThread "Service Thread" daemon [_thread_blocked, id=8564, stack(0x00000000199f0000,0x0000000019af0000)]
  0x0000000017c9f000 JavaThread "C1 CompilerThread2" daemon [_thread_blocked, id=1940, stack(0x00000000194f0000,0x00000000195f0000)]
  0x0000000017c93000 JavaThread "C2 CompilerThread1" daemon [_thread_blocked, id=8696, stack(0x00000000193f0000,0x00000000194f0000)]
  0x0000000017c8d800 JavaThread "C2 CompilerThread0" daemon [_thread_blocked, id=8776, stack(0x00000000192f0000,0x00000000193f0000)]
  0x0000000017c8c800 JavaThread "Attach Listener" daemon [_thread_blocked, id=1992, stack(0x00000000191f0000,0x00000000192f0000)]
  0x0000000017c8b800 JavaThread "Signal Dispatcher" daemon [_thread_blocked, id=4328, stack(0x00000000190f0000,0x00000000191f0000)]
  0x0000000017c7a800 JavaThread "Finalizer" daemon [_thread_blocked, id=6172, stack(0x0000000018ee0000,0x0000000018fe0000)]
  0x0000000003151000 JavaThread "Reference Handler" daemon [_thread_blocked, id=9336, stack(0x0000000018de0000,0x0000000018ee0000)]
=>0x0000000003060800 JavaThread "main" [_thread_in_native, id=9176, stack(0x0000000002f10000,0x0000000003010000)]

Other Threads:
  0x0000000017c57800 VMThread [stack: 0x0000000018ce0000,0x0000000018de0000] [id=6072]
  0x0000000019647000 WatcherThread [stack: 0x0000000019c40000,0x0000000019d40000] [id=4180]

VM state:not at safepoint (normal execution)

VM Mutex/Monitor currently owned by a thread: None

Heap:
 PSYoungGen      total 38400K, used 3344K [0x00000000d5f00000, 0x00000000d8980000, 0x0000000100000000)
  eden space 33280K, 10% used [0x00000000d5f00000,0x00000000d6244080,0x00000000d7f80000)
  from space 5120K, 0% used [0x00000000d8480000,0x00000000d8480000,0x00000000d8980000)
  to   space 5120K, 0% used [0x00000000d7f80000,0x00000000d7f80000,0x00000000d8480000)
 ParOldGen       total 87552K, used 0K [0x0000000081c00000, 0x0000000087180000, 0x00000000d5f00000)
  object space 87552K, 0% used [0x0000000081c00000,0x0000000081c00000,0x0000000087180000)
 Metaspace       used 5175K, capacity 5310K, committed 5632K, reserved 1056768K
  class space    used 599K, capacity 663K, committed 768K, reserved 1048576K

Card table byte_map: [0x0000000012520000,0x0000000012920000] byte_map_base: 0x0000000012112000

Marking Bits: (ParMarkBitMap*) 0x000000007379b6d0
 Begin Bits: [0x0000000012fd0000, 0x0000000014f60000)
 End Bits:   [0x0000000014f60000, 0x0000000016ef0000)

Polling page: 0x0000000001290000

CodeCache: size=245760Kb used=1549Kb max_used=1549Kb free=244210Kb
 bounds [0x0000000003160000, 0x00000000033d0000, 0x0000000012160000]
 total_blobs=548 nmethods=224 adapters=237
 compilation: enabled

Compilation events (10 events):
Event: 2.505 Thread 0x0000000017c9f000 nmethod 219 0x00000000032dbf50 code [0x00000000032dc0c0, 0x00000000032dc348]
Event: 2.505 Thread 0x0000000017c93000 nmethod 212 0x00000000032dc410 code [0x00000000032dc560, 0x00000000032dc7b8]
Event: 2.506 Thread 0x0000000017c9f000  220       3       jdk.internal.org.objectweb.asm.ByteVector::<init> (13 bytes)
Event: 2.506 Thread 0x0000000017c9f000 nmethod 220 0x00000000032db750 code [0x00000000032db8c0, 0x00000000032dbb10]
Event: 2.506 Thread 0x0000000017c9f000  222       3       jdk.internal.org.objectweb.asm.ByteVector::putByteArray (49 bytes)
Event: 2.506 Thread 0x0000000017c9f000 nmethod 222 0x00000000032db190 code [0x00000000032db300, 0x00000000032db638]
Event: 4.589 Thread 0x0000000017c9f000  223       3       java.io.WinNTFileSystem::normalize (143 bytes)
Event: 4.592 Thread 0x0000000017c9f000 nmethod 223 0x00000000032dc910 code [0x00000000032dcb00, 0x00000000032dd328]
Event: 4.592 Thread 0x0000000017c9f000  224       3       java.util.HashMap::getNode (148 bytes)
Event: 4.593 Thread 0x0000000017c9f000 nmethod 224 0x00000000032dd6d0 code [0x00000000032dd8a0, 0x00000000032de248]

GC Heap History (0 events):
No events

Deoptimization events (0 events):
No events

Internal exceptions (10 events):
Event: 0.034 Thread 0x0000000003060800 Exception <a 'java/lang/NoSuchMethodError': Method sun.misc.Unsafe.defineClass(Ljava/lang/String;[BII)Ljava/lang/Class; name or signature does not match> (0x00000000d5f07ca8) thrown at [C:\re\workspace\8-2-build-windows-amd64-cygwin\jdk8u121\8372\hotspot\
Event: 0.034 Thread 0x0000000003060800 Exception <a 'java/lang/NoSuchMethodError': Method sun.misc.Unsafe.prefetchRead(Ljava/lang/Object;J)V name or signature does not match> (0x00000000d5f07f90) thrown at [C:\re\workspace\8-2-build-windows-amd64-cygwin\jdk8u121\8372\hotspot\src\share\vm\prims
Event: 0.075 Thread 0x0000000003060800 Exception <a 'java/io/FileNotFoundException'> (0x00000000d5f59fa8) thrown at [C:\re\workspace\8-2-build-windows-amd64-cygwin\jdk8u121\8372\hotspot\src\share\vm\prims\jni.cpp, line 709]
Event: 0.104 Thread 0x0000000003060800 Exception <a 'java/security/PrivilegedActionException'> (0x00000000d605aec8) thrown at [C:\re\workspace\8-2-build-windows-amd64-cygwin\jdk8u121\8372\hotspot\src\share\vm\prims\jvm.cpp, line 1390]
Event: 0.104 Thread 0x0000000003060800 Exception <a 'java/security/PrivilegedActionException'> (0x00000000d605b0d8) thrown at [C:\re\workspace\8-2-build-windows-amd64-cygwin\jdk8u121\8372\hotspot\src\share\vm\prims\jvm.cpp, line 1390]
Event: 0.104 Thread 0x0000000003060800 Exception <a 'java/security/PrivilegedActionException'> (0x00000000d605dba8) thrown at [C:\re\workspace\8-2-build-windows-amd64-cygwin\jdk8u121\8372\hotspot\src\share\vm\prims\jvm.cpp, line 1390]
Event: 0.104 Thread 0x0000000003060800 Exception <a 'java/security/PrivilegedActionException'> (0x00000000d605ddb8) thrown at [C:\re\workspace\8-2-build-windows-amd64-cygwin\jdk8u121\8372\hotspot\src\share\vm\prims\jvm.cpp, line 1390]
Event: 2.390 Thread 0x0000000003060800 Exception <a 'java/io/FileNotFoundException'> (0x00000000d6070c68) thrown at [C:\re\workspace\8-2-build-windows-amd64-cygwin\jdk8u121\8372\hotspot\src\share\vm\prims\jni.cpp, line 709]
Event: 2.479 Thread 0x0000000003060800 Exception <a 'java/lang/NoSuchFieldError': method resolution failed> (0x00000000d613e138) thrown at [C:\re\workspace\8-2-build-windows-amd64-cygwin\jdk8u121\8372\hotspot\src\share\vm\prims\methodHandles.cpp, line 1146]
Event: 2.483 Thread 0x0000000003060800 Exception <a 'java/lang/NoSuchFieldError': method resolution failed> (0x00000000d614b508) thrown at [C:\re\workspace\8-2-build-windows-amd64-cygwin\jdk8u121\8372\hotspot\src\share\vm\prims\methodHandles.cpp, line 1146]

Events (10 events):
Event: 5.630 loading class sun/awt/image/SurfaceManager
Event: 5.630 loading class sun/awt/image/SurfaceManager done
Event: 5.630 loading class sun/awt/image/VolatileSurfaceManager
Event: 5.631 loading class sun/awt/image/VolatileSurfaceManager done
Event: 5.631 loading class sun/awt/windows/WToolkit$2
Event: 5.631 loading class sun/awt/windows/WToolkit$2 done
Event: 5.631 loading class sun/java2d/windows/WindowsFlags
Event: 5.631 loading class sun/java2d/windows/WindowsFlags done
Event: 5.631 loading class sun/java2d/windows/WindowsFlags$1
Event: 5.631 loading class sun/java2d/windows/WindowsFlags$1 done


Dynamic libraries:
0x00007ff6e5c50000 - 0x00007ff6e5c87000 	D:\Programma\Java\jre.1.8.0_121\bin\javaw.exe
0x00007ffc36660000 - 0x00007ffc3683b000 	C:\WINDOWS\SYSTEM32\ntdll.dll
0x00007ffc33c60000 - 0x00007ffc33d0e000 	C:\WINDOWS\System32\KERNEL32.DLL
0x00007ffc32b80000 - 0x00007ffc32dc9000 	C:\WINDOWS\System32\KERNELBASE.dll
0x00007ffc33e60000 - 0x00007ffc33f01000 	C:\WINDOWS\System32\ADVAPI32.dll
0x00007ffc358f0000 - 0x00007ffc3598d000 	C:\WINDOWS\System32\msvcrt.dll
0x00007ffc33f10000 - 0x00007ffc33f69000 	C:\WINDOWS\System32\sechost.dll
0x00007ffc35b70000 - 0x00007ffc35c95000 	C:\WINDOWS\System32\RPCRT4.dll
0x00007ffc36510000 - 0x00007ffc3665a000 	C:\WINDOWS\System32\USER32.dll
0x00007ffc32fc0000 - 0x00007ffc32fde000 	C:\WINDOWS\System32\win32u.dll
0x00007ffc360a0000 - 0x00007ffc360c7000 	C:\WINDOWS\System32\GDI32.dll
0x00007ffc33960000 - 0x00007ffc33ae9000 	C:\WINDOWS\System32\gdi32full.dll
0x00007ffc32dd0000 - 0x00007ffc32e6a000 	C:\WINDOWS\System32\msvcp_win.dll
0x00007ffc32ec0000 - 0x00007ffc32fb6000 	C:\WINDOWS\System32\ucrtbase.dll
0x00007ffc29af0000 - 0x00007ffc29d57000 	C:\WINDOWS\WinSxS\amd64_microsoft.windows.common-controls_6595b64144ccf1df_6.0.15063.0_none_108e4f62dfe5d999\COMCTL32.dll
0x00007ffc355f0000 - 0x00007ffc358e9000 	C:\WINDOWS\System32\combase.dll
0x00007ffc33af0000 - 0x00007ffc33b5a000 	C:\WINDOWS\System32\bcryptPrimitives.dll
0x00007ffc36070000 - 0x00007ffc3609d000 	C:\WINDOWS\System32\IMM32.DLL
0x0000000072ea0000 - 0x0000000072f72000 	D:\Programma\Java\jre.1.8.0_121\bin\msvcr100.dll
0x0000000072f80000 - 0x000000007381b000 	D:\Programma\Java\jre.1.8.0_121\bin\server\jvm.dll
0x00007ffc33f70000 - 0x00007ffc33f78000 	C:\WINDOWS\System32\PSAPI.DLL
0x00007ffc2e740000 - 0x00007ffc2e749000 	C:\WINDOWS\SYSTEM32\WSOCK32.dll
0x00007ffc30eb0000 - 0x00007ffc30ed3000 	C:\WINDOWS\SYSTEM32\WINMM.dll
0x00007ffc35990000 - 0x00007ffc359fc000 	C:\WINDOWS\System32\WS2_32.dll
0x00007ffc29650000 - 0x00007ffc2965a000 	C:\WINDOWS\SYSTEM32\VERSION.dll
0x00007ffc30e50000 - 0x00007ffc30e7b000 	C:\WINDOWS\SYSTEM32\WINMMBASE.dll
0x00007ffc32e70000 - 0x00007ffc32eb9000 	C:\WINDOWS\System32\cfgmgr32.dll
0x0000000072e90000 - 0x0000000072e9f000 	D:\Programma\Java\jre.1.8.0_121\bin\verify.dll
0x0000000072e60000 - 0x0000000072e89000 	D:\Programma\Java\jre.1.8.0_121\bin\java.dll
0x0000000072e40000 - 0x0000000072e56000 	D:\Programma\Java\jre.1.8.0_121\bin\zip.dll
0x00007ffc34130000 - 0x00007ffc35567000 	C:\WINDOWS\System32\SHELL32.dll
0x00007ffc35fc0000 - 0x00007ffc3606a000 	C:\WINDOWS\System32\shcore.dll
0x00007ffc32fe0000 - 0x00007ffc336d2000 	C:\WINDOWS\System32\windows.storage.dll
0x00007ffc33d10000 - 0x00007ffc33d61000 	C:\WINDOWS\System32\shlwapi.dll
0x00007ffc32b40000 - 0x00007ffc32b51000 	C:\WINDOWS\System32\kernel.appcore.dll
0x00007ffc32ad0000 - 0x00007ffc32b1c000 	C:\WINDOWS\System32\powrprof.dll
0x00007ffc32b20000 - 0x00007ffc32b35000 	C:\WINDOWS\System32\profapi.dll
0x0000000072c30000 - 0x0000000072dc8000 	D:\Programma\Java\jre.1.8.0_121\bin\awt.dll
0x00007ffc35df0000 - 0x00007ffc35eaf000 	C:\WINDOWS\System32\OLEAUT32.dll
0x00007ffc310a0000 - 0x00007ffc3111e000 	C:\WINDOWS\SYSTEM32\apphelp.dll
0x00007ffc2da00000 - 0x00007ffc2dba9000 	C:\WINDOWS\SYSTEM32\dbghelp.dll

VM Arguments:
jvm_args: -Dfile.encoding=Cp1252 
java_command: asteroids.part2.Part2
java_class_path (initial): C:\Users\senne\Documents\GitHub\OGP\OGP1617-Asteroids\bin;C:\Users\senne\.p2\pool\plugins\org.junit_4.12.0.v201504281640\junit.jar;C:\Users\senne\.p2\pool\plugins\org.hamcrest.core_1.3.0.v201303031735.jar;C:\Users\senne\Documents\GitHub\OGP\OGP1617-Asteroids\lib\AnnotationsDoclets.jar
Launcher Type: SUN_STANDARD

Environment Variables:
PATH=D:/Programma/Java/jre.1.8.0_121/bin/server;D:/Programma/Java/jre.1.8.0_121/bin;D:/Programma/Java/jre.1.8.0_121/lib/amd64;C:\ProgramData\Oracle\Java\javapath;C:\WINDOWS\system32;C:\WINDOWS;C:\WINDOWS\System32\Wbem;C:\WINDOWS\System32\WindowsPowerShell\v1.0\;D:\Programma\MATLAB\R2017a\runtime\win64;D:\Programma\MATLAB\R2017a\bin;C:\Users\senne\AppData\Local\Microsoft\WindowsApps;;C:\WINDOWS\system32;
USERNAME=senne
OS=Windows_NT
PROCESSOR_IDENTIFIER=Intel64 Family 6 Model 69 Stepping 1, GenuineIntel



---------------  S Y S T E M  ---------------

OS: Windows 10.0 , 64 bit Build 15063 (10.0.15063.0)

CPU:total 4 (2 cores per cpu, 2 threads per core) family 6 model 69 stepping 1, cmov, cx8, fxsr, mmx, sse, sse2, sse3, ssse3, sse4.1, sse4.2, popcnt, avx, avx2, aes, clmul, erms, lzcnt, ht, tsc, tscinvbit, bmi1, bmi2

Memory: 4k page, physical 8266008k(4257292k free), swap 10232088k(5923968k free)

vm_info: Java HotSpot(TM) 64-Bit Server VM (25.121-b13) for windows-amd64 JRE (1.8.0_121-b13), built on Dec 12 2016 18:21:36 by "java_re" with MS VC++ 10.0 (VS2010)

time: Fri Apr 14 10:34:20 2017
elapsed time: 5 seconds (0d 0h 0m 5s)

