#
# A fatal error has been detected by the Java Runtime Environment:
#
#  EXCEPTION_IN_PAGE_ERROR (0xc0000006) at pc=0x0000000072c81ac0, pid=9640, tid=0x00000000000023e0
#
# JRE version: Java(TM) SE Runtime Environment (8.0_121-b13) (build 1.8.0_121-b13)
# Java VM: Java HotSpot(TM) 64-Bit Server VM (25.121-b13 mixed mode windows-amd64 compressed oops)
# Problematic frame:
# C  [awt.dll+0x51ac0]
#
# Failed to write core dump. Minidumps are not enabled by default on client versions of Windows
#
# If you would like to submit a bug report, please visit:
#   http://bugreport.java.com/bugreport/crash.jsp
# The crash happened outside the Java Virtual Machine in native code.
# See problematic frame for where to report the bug.
#

---------------  T H R E A D  ---------------

Current thread (0x0000000002850800):  JavaThread "main" [_thread_in_native, id=9184, stack(0x0000000002750000,0x0000000002850000)]

siginfo: ExceptionCode=0xc0000006, ExceptionInformation=0x0000000000000008 0x0000000072c81ac0 0x00000000c0000483 

Registers:
RAX=0x0000000072d72ed0, RBX=0x00000000028509f8, RCX=0x0000000072c330f0, RDX=0x0000000019165240
RSP=0x000000000284d318, RBP=0x0000000072d72b50, RSI=0x0000000072d6e910, RDI=0x0000000000000000
R8 =0x0000000080100c02, R9 =0x1fffffffffffffff, R10=0x0000000000000001, R11=0x0000000000000001
R12=0x0000000000000013, R13=0x0000000072d72b30, R14=0x0000000019165240, R15=0x0000000072d72930
RIP=0x0000000072c81ac0, EFLAGS=0x0000000000010202

Top of Stack: (sp=0x000000000284d318)
0x000000000284d318:   0000000072c67fbd 000000000284d428
0x000000000284d328:   00000000028509f8 0000000072d6e900
0x000000000284d338:   0000000000000003 000000000284d698
0x000000000284d348:   0000000002850800 0000000017219d88
0x000000000284d358:   00000000730acec4 0000000002850800
0x000000000284d368:   000000000284d440 0000000000000000
0x000000000284d378:   0000000000000010 00000000028509f8
0x000000000284d388:   0000000072c67bae 0000000072d72ed0
0x000000000284d398:   000000000284d428 0000000000000003
0x000000000284d3a8:   0000000017219d88 0000000017219d88
0x000000000284d3b8:   0000000002967f74 0000000002850800
0x000000000284d3c8:   0000000017219d88 0000000000000010
0x000000000284d3d8:   0000000002850800 0000000002967ca2
0x000000000284d3e8:   000000000284d3e8 0000000017219d88
0x000000000284d3f8:   000000000284d440 000000001721a8a8
0x000000000284d408:   0000000000000000 0000000017219d88 

Instructions: (pc=0x0000000072c81ac0)
0x0000000072c81aa0:   1c fe ff ff 4c 8b 6c 24 18 48 8b 74 24 20 48 8b
0x0000000072c81ab0:   6c 24 28 48 83 c4 30 41 5f 41 5e 41 5c 5f 5b c3
0x0000000072c81ac0:   48 8b c1 c3 cc cc cc cc cc cc cc cc cc cc cc cc
0x0000000072c81ad0:   40 55 53 56 57 41 54 41 55 41 56 41 57 48 8d ac 


Register to memory mapping:

RAX=0x0000000072d72ed0 is an unknown value
RBX=0x00000000028509f8 is an unknown value
RCX=0x0000000072c330f0 is an unknown value
RDX=0x0000000019165240 is an unknown value
RSP=0x000000000284d318 is pointing into the stack for thread: 0x0000000002850800
RBP=0x0000000072d72b50 is an unknown value
RSI=0x0000000072d6e910 is an unknown value
RDI=0x0000000000000000 is an unknown value
R8 =0x0000000080100c02 is an unknown value
R9 =0x1fffffffffffffff is an unknown value
R10=0x0000000000000001 is an unknown value
R11=0x0000000000000001 is an unknown value
R12=0x0000000000000013 is an unknown value
R13=0x0000000072d72b30 is an unknown value
R14=0x0000000019165240 is an unknown value
R15=0x0000000072d72930 is an unknown value


Stack: [0x0000000002750000,0x0000000002850000],  sp=0x000000000284d318,  free space=1012k
Native frames: (J=compiled Java code, j=interpreted, Vv=VM code, C=native code)
C  [awt.dll+0x51ac0]

Java frames: (J=compiled Java code, j=interpreted, Vv=VM code)
j  sun.java2d.loops.GraphicsPrimitiveMgr.registerNativeLoops()V+0
j  sun.java2d.loops.GraphicsPrimitiveMgr.<clinit>()V+35
v  ~StubRoutines::call_stub
j  sun.java2d.loops.Blit.<clinit>()V+36
v  ~StubRoutines::call_stub
j  sun.java2d.windows.GDIWindowSurfaceData.<clinit>()V+66
v  ~StubRoutines::call_stub
j  sun.awt.Win32GraphicsConfig.createSurfaceData(Lsun/awt/windows/WComponentPeer;I)Lsun/java2d/SurfaceData;+1
j  sun.java2d.ScreenUpdateManager.createScreenSurface(Lsun/awt/Win32GraphicsConfig;Lsun/awt/windows/WComponentPeer;IZ)Lsun/java2d/SurfaceData;+3
j  sun.java2d.d3d.D3DScreenUpdateManager.createScreenSurface(Lsun/awt/Win32GraphicsConfig;Lsun/awt/windows/WComponentPeer;IZ)Lsun/java2d/SurfaceData;+20
j  sun.awt.windows.WComponentPeer.createScreenSurface(Z)V+21
j  sun.awt.windows.WComponentPeer.<init>(Ljava/awt/Component;)V+79
j  sun.awt.windows.WCanvasPeer.<init>(Ljava/awt/Component;)V+2
j  sun.awt.windows.WPanelPeer.<init>(Ljava/awt/Component;)V+2
j  sun.awt.windows.WWindowPeer.<init>(Ljava/awt/Window;)V+2
j  sun.awt.windows.WFramePeer.<init>(Ljava/awt/Frame;)V+2
j  sun.awt.windows.WToolkit.createFrame(Ljava/awt/Frame;)Ljava/awt/peer/FramePeer;+5
j  java.awt.Frame.addNotify()V+20
j  java.awt.Window.pack()V+28
j  asteroids.part2.internal.AsteroidsFrame2.<init>(Lasteroids/part2/facade/IFacade;IIZLasteroids/part2/internal/Sound;)V+64
j  asteroids.part2.internal.AsteroidsFrame2.run(Lasteroids/part2/facade/IFacade;ZZ)V+105
j  asteroids.part2.Part2.main([Ljava/lang/String;)V+95
v  ~StubRoutines::call_stub

---------------  P R O C E S S  ---------------

Java Threads: ( => current thread )
  0x00000000191fa000 JavaThread "AWT-Shutdown" [_thread_blocked, id=6180, stack(0x000000001a820000,0x000000001a920000)]
  0x00000000191dd000 JavaThread "AWT-Windows" daemon [_thread_in_native, id=364, stack(0x0000000019fd0000,0x000000001a0d0000)]
  0x00000000191b9800 JavaThread "Java2D Disposer" daemon [_thread_blocked, id=5468, stack(0x0000000019d50000,0x0000000019e50000)]
  0x0000000018e30800 JavaThread "Service Thread" daemon [_thread_blocked, id=5036, stack(0x0000000019200000,0x0000000019300000)]
  0x000000001748e800 JavaThread "C1 CompilerThread2" daemon [_thread_blocked, id=8500, stack(0x0000000018d00000,0x0000000018e00000)]
  0x000000001748b000 JavaThread "C2 CompilerThread1" daemon [_thread_blocked, id=9508, stack(0x0000000018c00000,0x0000000018d00000)]
  0x000000001747c000 JavaThread "C2 CompilerThread0" daemon [_thread_blocked, id=7744, stack(0x0000000018b00000,0x0000000018c00000)]
  0x000000001747a800 JavaThread "Attach Listener" daemon [_thread_blocked, id=8700, stack(0x0000000018a00000,0x0000000018b00000)]
  0x0000000017479000 JavaThread "Signal Dispatcher" daemon [_thread_blocked, id=4508, stack(0x0000000018900000,0x0000000018a00000)]
  0x000000000294a000 JavaThread "Finalizer" daemon [_thread_blocked, id=8332, stack(0x00000000186f0000,0x00000000187f0000)]
  0x000000000293f000 JavaThread "Reference Handler" daemon [_thread_blocked, id=5040, stack(0x00000000185f0000,0x00000000186f0000)]
=>0x0000000002850800 JavaThread "main" [_thread_in_native, id=9184, stack(0x0000000002750000,0x0000000002850000)]

Other Threads:
  0x0000000017447800 VMThread [stack: 0x00000000184f0000,0x00000000185f0000] [id=8864]
  0x0000000018e5c800 WatcherThread [stack: 0x0000000019450000,0x0000000019550000] [id=8400]

VM state:not at safepoint (normal execution)

VM Mutex/Monitor currently owned by a thread: None

Heap:
 PSYoungGen      total 38400K, used 15002K [0x00000000d5f00000, 0x00000000d8980000, 0x0000000100000000)
  eden space 33280K, 45% used [0x00000000d5f00000,0x00000000d6da6b18,0x00000000d7f80000)
  from space 5120K, 0% used [0x00000000d8480000,0x00000000d8480000,0x00000000d8980000)
  to   space 5120K, 0% used [0x00000000d7f80000,0x00000000d7f80000,0x00000000d8480000)
 ParOldGen       total 87552K, used 0K [0x0000000081c00000, 0x0000000087180000, 0x00000000d5f00000)
  object space 87552K, 0% used [0x0000000081c00000,0x0000000081c00000,0x0000000087180000)
 Metaspace       used 8520K, capacity 8710K, committed 8832K, reserved 1056768K
  class space    used 1023K, capacity 1098K, committed 1152K, reserved 1048576K

Card table byte_map: [0x0000000011d10000,0x0000000012110000] byte_map_base: 0x0000000011902000

Marking Bits: (ParMarkBitMap*) 0x000000007379b6d0
 Begin Bits: [0x00000000127c0000, 0x0000000014750000)
 End Bits:   [0x0000000014750000, 0x00000000166e0000)

Polling page: 0x00000000005f0000

CodeCache: size=245760Kb used=1952Kb max_used=1952Kb free=243808Kb
 bounds [0x0000000002950000, 0x0000000002bc0000, 0x0000000011950000]
 total_blobs=805 nmethods=370 adapters=348
 compilation: enabled

Compilation events (10 events):
Event: 4.011 Thread 0x000000001748e800  364       3       java.io.RandomAccessFile::write (8 bytes)
Event: 4.011 Thread 0x000000001748e800 nmethod 364 0x0000000002b31190 code [0x0000000002b31300, 0x0000000002b31488]
Event: 4.011 Thread 0x000000001748e800  366       1       sun.awt.image.ByteInterleavedRaster::getDataOffset (7 bytes)
Event: 4.012 Thread 0x000000001748e800 nmethod 366 0x0000000002b30e50 code [0x0000000002b30fa0, 0x0000000002b310d0]
Event: 4.041 Thread 0x000000001748e800  368       1       java.util.HashMap::afterNodeInsertion (1 bytes)
Event: 4.041 Thread 0x000000001748e800 nmethod 368 0x0000000002b33cd0 code [0x0000000002b33e20, 0x0000000002b33f30]
Event: 4.043 Thread 0x000000001748b000  369       4       java.util.HashMap::getNode (148 bytes)
Event: 4.046 Thread 0x000000001748b000 nmethod 369 0x0000000002b36e10 code [0x0000000002b36f60, 0x0000000002b371b8]
Event: 4.068 Thread 0x000000001748e800  370       3       sun.invoke.util.Wrapper::forBasicType (16 bytes)
Event: 4.069 Thread 0x000000001748e800 nmethod 370 0x0000000002b36950 code [0x0000000002b36ac0, 0x0000000002b36d38]

GC Heap History (0 events):
No events

Deoptimization events (0 events):
No events

Internal exceptions (10 events):
Event: 0.051 Thread 0x0000000002850800 Exception <a 'java/lang/NoSuchMethodError': Method sun.misc.Unsafe.prefetchRead(Ljava/lang/Object;J)V name or signature does not match> (0x00000000d5f07f90) thrown at [C:\re\workspace\8-2-build-windows-amd64-cygwin\jdk8u121\8372\hotspot\src\share\vm\prims
Event: 0.107 Thread 0x0000000002850800 Exception <a 'java/io/FileNotFoundException'> (0x00000000d5f59fa8) thrown at [C:\re\workspace\8-2-build-windows-amd64-cygwin\jdk8u121\8372\hotspot\src\share\vm\prims\jni.cpp, line 709]
Event: 0.137 Thread 0x0000000002850800 Exception <a 'java/security/PrivilegedActionException'> (0x00000000d605aec8) thrown at [C:\re\workspace\8-2-build-windows-amd64-cygwin\jdk8u121\8372\hotspot\src\share\vm\prims\jvm.cpp, line 1390]
Event: 0.137 Thread 0x0000000002850800 Exception <a 'java/security/PrivilegedActionException'> (0x00000000d605b0d8) thrown at [C:\re\workspace\8-2-build-windows-amd64-cygwin\jdk8u121\8372\hotspot\src\share\vm\prims\jvm.cpp, line 1390]
Event: 0.137 Thread 0x0000000002850800 Exception <a 'java/security/PrivilegedActionException'> (0x00000000d605dba8) thrown at [C:\re\workspace\8-2-build-windows-amd64-cygwin\jdk8u121\8372\hotspot\src\share\vm\prims\jvm.cpp, line 1390]
Event: 0.137 Thread 0x0000000002850800 Exception <a 'java/security/PrivilegedActionException'> (0x00000000d605ddb8) thrown at [C:\re\workspace\8-2-build-windows-amd64-cygwin\jdk8u121\8372\hotspot\src\share\vm\prims\jvm.cpp, line 1390]
Event: 0.147 Thread 0x0000000002850800 Exception <a 'java/io/FileNotFoundException'> (0x00000000d6070c68) thrown at [C:\re\workspace\8-2-build-windows-amd64-cygwin\jdk8u121\8372\hotspot\src\share\vm\prims\jni.cpp, line 709]
Event: 0.185 Thread 0x0000000002850800 Exception <a 'java/lang/NoSuchFieldError': method resolution failed> (0x00000000d613e138) thrown at [C:\re\workspace\8-2-build-windows-amd64-cygwin\jdk8u121\8372\hotspot\src\share\vm\prims\methodHandles.cpp, line 1146]
Event: 0.187 Thread 0x0000000002850800 Exception <a 'java/lang/NoSuchFieldError': method resolution failed> (0x00000000d614b508) thrown at [C:\re\workspace\8-2-build-windows-amd64-cygwin\jdk8u121\8372\hotspot\src\share\vm\prims\methodHandles.cpp, line 1146]
Event: 0.230 Thread 0x0000000002850800 Exception <a 'java/io/FileNotFoundException'> (0x00000000d61d4430) thrown at [C:\re\workspace\8-2-build-windows-amd64-cygwin\jdk8u121\8372\hotspot\src\share\vm\prims\jni.cpp, line 709]

Events (10 events):
Event: 4.078 loading class sun/java2d/pipe/ValidatePipe
Event: 4.078 loading class sun/java2d/pipe/ValidatePipe done
Event: 4.079 loading class sun/java2d/loops/CustomComponent
Event: 4.079 loading class sun/java2d/loops/CustomComponent done
Event: 4.079 loading class sun/java2d/loops/GraphicsPrimitiveProxy
Event: 4.079 loading class sun/java2d/loops/GraphicsPrimitiveProxy done
Event: 4.079 loading class sun/java2d/loops/GeneralRenderer
Event: 4.080 loading class sun/java2d/loops/GeneralRenderer done
Event: 4.147 Executing VM operation: EnableBiasedLocking
Event: 4.148 Executing VM operation: EnableBiasedLocking done


Dynamic libraries:
0x00007ff6e5c50000 - 0x00007ff6e5c87000 	D:\Programma\Java\jre.1.8.0_121\bin\javaw.exe
0x00007ffc36660000 - 0x00007ffc3683b000 	C:\WINDOWS\SYSTEM32\ntdll.dll
0x00007ffc33c60000 - 0x00007ffc33d0e000 	C:\WINDOWS\System32\KERNEL32.DLL
0x00007ffc32b80000 - 0x00007ffc32dc9000 	C:\WINDOWS\System32\KERNELBASE.dll
0x00007ffc33e60000 - 0x00007ffc33f01000 	C:\WINDOWS\System32\ADVAPI32.dll
0x00007ffc358f0000 - 0x00007ffc3598d000 	C:\WINDOWS\System32\msvcrt.dll
0x00007ffc33f10000 - 0x00007ffc33f69000 	C:\WINDOWS\System32\sechost.dll
0x00007ffc35b70000 - 0x00007ffc35c95000 	C:\WINDOWS\System32\RPCRT4.dll
0x00007ffc36510000 - 0x00007ffc3665a000 	C:\WINDOWS\System32\USER32.dll
0x00007ffc32fc0000 - 0x00007ffc32fde000 	C:\WINDOWS\System32\win32u.dll
0x00007ffc360a0000 - 0x00007ffc360c7000 	C:\WINDOWS\System32\GDI32.dll
0x00007ffc33960000 - 0x00007ffc33ae9000 	C:\WINDOWS\System32\gdi32full.dll
0x00007ffc32dd0000 - 0x00007ffc32e6a000 	C:\WINDOWS\System32\msvcp_win.dll
0x00007ffc32ec0000 - 0x00007ffc32fb6000 	C:\WINDOWS\System32\ucrtbase.dll
0x00007ffc29af0000 - 0x00007ffc29d57000 	C:\WINDOWS\WinSxS\amd64_microsoft.windows.common-controls_6595b64144ccf1df_6.0.15063.0_none_108e4f62dfe5d999\COMCTL32.dll
0x00007ffc355f0000 - 0x00007ffc358e9000 	C:\WINDOWS\System32\combase.dll
0x00007ffc33af0000 - 0x00007ffc33b5a000 	C:\WINDOWS\System32\bcryptPrimitives.dll
0x00007ffc36070000 - 0x00007ffc3609d000 	C:\WINDOWS\System32\IMM32.DLL
0x0000000072ea0000 - 0x0000000072f72000 	D:\Programma\Java\jre.1.8.0_121\bin\msvcr100.dll
0x0000000072f80000 - 0x000000007381b000 	D:\Programma\Java\jre.1.8.0_121\bin\server\jvm.dll
0x00007ffc33f70000 - 0x00007ffc33f78000 	C:\WINDOWS\System32\PSAPI.DLL
0x00007ffc2e740000 - 0x00007ffc2e749000 	C:\WINDOWS\SYSTEM32\WSOCK32.dll
0x00007ffc35990000 - 0x00007ffc359fc000 	C:\WINDOWS\System32\WS2_32.dll
0x00007ffc30eb0000 - 0x00007ffc30ed3000 	C:\WINDOWS\SYSTEM32\WINMM.dll
0x00007ffc29650000 - 0x00007ffc2965a000 	C:\WINDOWS\SYSTEM32\VERSION.dll
0x00007ffc30e50000 - 0x00007ffc30e7b000 	C:\WINDOWS\SYSTEM32\WINMMBASE.dll
0x00007ffc32e70000 - 0x00007ffc32eb9000 	C:\WINDOWS\System32\cfgmgr32.dll
0x0000000072e90000 - 0x0000000072e9f000 	D:\Programma\Java\jre.1.8.0_121\bin\verify.dll
0x0000000072e60000 - 0x0000000072e89000 	D:\Programma\Java\jre.1.8.0_121\bin\java.dll
0x0000000072e40000 - 0x0000000072e56000 	D:\Programma\Java\jre.1.8.0_121\bin\zip.dll
0x00007ffc34130000 - 0x00007ffc35567000 	C:\WINDOWS\System32\SHELL32.dll
0x00007ffc35fc0000 - 0x00007ffc3606a000 	C:\WINDOWS\System32\shcore.dll
0x00007ffc32fe0000 - 0x00007ffc336d2000 	C:\WINDOWS\System32\windows.storage.dll
0x00007ffc33d10000 - 0x00007ffc33d61000 	C:\WINDOWS\System32\shlwapi.dll
0x00007ffc32b40000 - 0x00007ffc32b51000 	C:\WINDOWS\System32\kernel.appcore.dll
0x00007ffc32ad0000 - 0x00007ffc32b1c000 	C:\WINDOWS\System32\powrprof.dll
0x00007ffc32b20000 - 0x00007ffc32b35000 	C:\WINDOWS\System32\profapi.dll
0x0000000072c30000 - 0x0000000072dc8000 	D:\Programma\Java\jre.1.8.0_121\bin\awt.dll
0x00007ffc35df0000 - 0x00007ffc35eaf000 	C:\WINDOWS\System32\OLEAUT32.dll
0x00007ffc310a0000 - 0x00007ffc3111e000 	C:\WINDOWS\SYSTEM32\apphelp.dll
0x00007ffc2e130000 - 0x00007ffc2e15a000 	C:\WINDOWS\system32\DWMAPI.DLL
0x00007ffc312d0000 - 0x00007ffc31365000 	C:\WINDOWS\system32\uxtheme.dll
0x00007ffc1af50000 - 0x00007ffc1b071000 	C:\WINDOWS\system32\opengl32.dll
0x00007ffc18b70000 - 0x00007ffc18b9c000 	C:\WINDOWS\SYSTEM32\GLU32.dll
0x00007ffc35a00000 - 0x00007ffc35b66000 	C:\WINDOWS\System32\MSCTF.dll
0x00007ffc35ca0000 - 0x00007ffc35de4000 	C:\WINDOWS\System32\ole32.dll
0x00007ffc32530000 - 0x00007ffc32547000 	C:\WINDOWS\SYSTEM32\CRYPTSP.dll
0x00007ffc31fa0000 - 0x00007ffc31fd4000 	C:\WINDOWS\system32\rsaenh.dll
0x00007ffc329a0000 - 0x00007ffc329c5000 	C:\WINDOWS\SYSTEM32\bcrypt.dll
0x00007ffc32a00000 - 0x00007ffc32a29000 	C:\WINDOWS\SYSTEM32\USERENV.dll
0x00007ffc32520000 - 0x00007ffc3252b000 	C:\WINDOWS\SYSTEM32\CRYPTBASE.dll
0x0000000072e20000 - 0x0000000072e3a000 	D:\Programma\Java\jre.1.8.0_121\bin\net.dll
0x00007ffc32380000 - 0x00007ffc323dc000 	C:\WINDOWS\system32\mswsock.dll
0x00007ffc32120000 - 0x00007ffc32157000 	C:\WINDOWS\SYSTEM32\IPHLPAPI.DLL
0x00007ffc34120000 - 0x00007ffc34128000 	C:\WINDOWS\System32\NSI.dll
0x00007ffc2c8c0000 - 0x00007ffc2c8d6000 	C:\WINDOWS\SYSTEM32\dhcpcsvc6.DLL
0x00007ffc2d050000 - 0x00007ffc2d06a000 	C:\WINDOWS\SYSTEM32\dhcpcsvc.DLL
0x0000000072e00000 - 0x0000000072e11000 	D:\Programma\Java\jre.1.8.0_121\bin\nio.dll
0x0000000072bf0000 - 0x0000000072c21000 	D:\Programma\Java\jre.1.8.0_121\bin\jpeg.dll
0x0000000072bb0000 - 0x0000000072bec000 	D:\Programma\Java\jre.1.8.0_121\bin\lcms.dll
0x00007ffc2da00000 - 0x00007ffc2dba9000 	C:\WINDOWS\SYSTEM32\dbghelp.dll

VM Arguments:
jvm_args: -Dfile.encoding=Cp1252 
java_command: asteroids.part2.Part2
java_class_path (initial): C:\Users\senne\Documents\GitHub\OGP\OGP1617-Asteroids\bin;C:\Users\senne\.p2\pool\plugins\org.junit_4.12.0.v201504281640\junit.jar;C:\Users\senne\.p2\pool\plugins\org.hamcrest.core_1.3.0.v201303031735.jar;C:\Users\senne\Documents\GitHub\OGP\OGP1617-Asteroids\lib\AnnotationsDoclets.jar
Launcher Type: SUN_STANDARD

Environment Variables:
PATH=D:/Programma/Java/jre.1.8.0_121/bin/server;D:/Programma/Java/jre.1.8.0_121/bin;D:/Programma/Java/jre.1.8.0_121/lib/amd64;C:\ProgramData\Oracle\Java\javapath;C:\WINDOWS\system32;C:\WINDOWS;C:\WINDOWS\System32\Wbem;C:\WINDOWS\System32\WindowsPowerShell\v1.0\;D:\Programma\MATLAB\R2017a\runtime\win64;D:\Programma\MATLAB\R2017a\bin;C:\Users\senne\AppData\Local\Microsoft\WindowsApps;;C:\WINDOWS\system32;
USERNAME=senne
OS=Windows_NT
PROCESSOR_IDENTIFIER=Intel64 Family 6 Model 69 Stepping 1, GenuineIntel



---------------  S Y S T E M  ---------------

OS: Windows 10.0 , 64 bit Build 15063 (10.0.15063.0)

CPU:total 4 (2 cores per cpu, 2 threads per core) family 6 model 69 stepping 1, cmov, cx8, fxsr, mmx, sse, sse2, sse3, ssse3, sse4.1, sse4.2, popcnt, avx, avx2, aes, clmul, erms, lzcnt, ht, tsc, tscinvbit, bmi1, bmi2

Memory: 4k page, physical 8266008k(4230324k free), swap 10232088k(5906460k free)

vm_info: Java HotSpot(TM) 64-Bit Server VM (25.121-b13) for windows-amd64 JRE (1.8.0_121-b13), built on Dec 12 2016 18:21:36 by "java_re" with MS VC++ 10.0 (VS2010)

time: Fri Apr 14 10:34:41 2017
elapsed time: 4 seconds (0d 0h 0m 4s)

